Loaded module: studio/12u6
Creating experiment database 6_consoles.5029855.er (Process ID: 1776) ...
   234.375   4363.002 # matmult_kmn
name 6_consoles.5029855.er is in use; changed to 6_consoles.5029856.er
Creating experiment database 6_consoles.5029856.er (Process ID: 1810) ...
   234.375   4901.961 # matmult_kmn
name 6_consoles.5029855.er is in use; changed to 6_consoles.5029857.er
Creating experiment database 6_consoles.5029857.er (Process ID: 1826) ...
   234.375   4920.049 # matmult_kmn
name 6_consoles.5029855.er is in use; changed to 6_consoles.5029858.er
Creating experiment database 6_consoles.5029858.er (Process ID: 1834) ...
   234.375   4975.124 # matmult_kmn
name 6_consoles.5029855.er is in use; changed to 6_consoles.5029859.er
Creating experiment database 6_consoles.5029859.er (Process ID: 1841) ...
   234.375   4945.598 # matmult_kmn
name 6_consoles.5029855.er is in use; changed to 6_consoles.5029860.er
Creating experiment database 6_consoles.5029860.er (Process ID: 1889) ...
   234.375   4381.161 # matmult_kmn
name 6_consoles.5029855.er is in use; changed to 6_consoles.5029861.er
Creating experiment database 6_consoles.5029861.er (Process ID: 1899) ...
   234.375   4962.779 # matmult_kmn
name 6_consoles.5029855.er is in use; changed to 6_consoles.5029862.er
Creating experiment database 6_consoles.5029862.er (Process ID: 1909) ...
   234.375   4960.317 # matmult_kmn
name 6_consoles.5029855.er is in use; changed to 6_consoles.5029863.er
Creating experiment database 6_consoles.5029863.er (Process ID: 1918) ...
   234.375   4954.174 # matmult_kmn
name 6_consoles.5029855.er is in use; changed to 6_consoles.5029864.er
Creating experiment database 6_consoles.5029864.er (Process ID: 1955) ...
   234.375   4973.887 # matmult_kmn
name 6_consoles.5029855.er is in use; changed to 6_consoles.5029865.er
Creating experiment database 6_consoles.5029865.er (Process ID: 1961) ...
   234.375   4956.629 # matmult_kmn

------------------------------------------------------------
Sender: LSF System <lsfadmin@n-62-21-46>
Subject: Job 5029855: <6_consoles> in cluster <dcc> Done

Job <6_consoles> was submitted from host <n-62-30-5> by user <s164211> in cluster <dcc> at Wed Jan  8 14:37:04 2020
Job was executed on host(s) <n-62-21-46>, in queue <hpcintro>, as user <s164211> in cluster <dcc> at Wed Jan  8 14:37:05 2020
</zhome/e3/7/118026> was used as the home directory.
</zhome/e3/7/118026/Desktop/gits/HPC> was used as the working directory.
Started at Wed Jan  8 14:37:05 2020
Terminated at Wed Jan  8 14:37:12 2020
Results reported at Wed Jan  8 14:37:12 2020

Your job looked like:

------------------------------------------------------------
# LSBATCH: User input
#!/bin/bash
# 02614 - High-Performance Computing, January 2020
# 
# batch script to run collect on a decidated server in the hpcintro
# queue
#
# Author: Bernd Dammann <bd@cc.dtu.dk>
#
#BSUB -J 6_consoles
#BSUB -o 6_consoles_%J.out
#BSUB -q hpcintro
#BSUB -n 1
#BSUB -R "rusage[mem=128]"
#BSUB -W 10

module load studio

# define the driver name to use
# valid values: matmult_c.studio, matmult_f.studio, matmult_c.gcc or
# matmult_f.gcc
#
EXECUTABLE=matmult_c.gcc

# define the mkn values in the MKN variable
#
MKN="100 100 100"

# define the permutation type in PERM
#
PERM="kmn"

# uncomment and set a reasonable BLKSIZE for the blk version
#
BLKSIZE=32

# define the max no. of iterations the driver should use - adjust to
# get a reasonable run time.  You can get an estimate by trying this
# on the command line, i.e. "MFLOPS_MAX_IT=10 ./matmult_...." for the
# problem size you want to analyze.
#
export MFLOPS_MAX_IT=10
export MATMULT_COMPARE=0

# experiment name 
#
JID=${LSB_JOBID}
EXPOUT="$LSB_JOBNAME.${JID}.er"

# uncomment the HWCOUNT line, if you want to use hardware counters
# define an option string for the harwdware counters (see output of

(... more ...)
------------------------------------------------------------

Successfully completed.

Resource usage summary:

    CPU time :                                   1.25 sec.
    Max Memory :                                 5 MB
    Average Memory :                             1.67 MB
    Total Requested Memory :                     128.00 MB
    Delta Memory :                               123.00 MB
    Max Swap :                                   -
    Max Processes :                              5
    Max Threads :                                6
    Run time :                                   7 sec.
    Turnaround time :                            8 sec.

The output (if any) is above this job summary.

