Loaded module: studio/12u6
Creating experiment database 6_consoles.5037027.er (Process ID: 13915) ...
 23437.500   2237.133 # matmult_blk 60
name 6_consoles.5037027.er is in use; changed to 6_consoles.5037028.er
Creating experiment database 6_consoles.5037028.er (Process ID: 13975) ...
 23437.500   2252.887 # matmult_blk 61
name 6_consoles.5037027.er is in use; changed to 6_consoles.5037029.er
Creating experiment database 6_consoles.5037029.er (Process ID: 14016) ...
 23437.500   2240.784 # matmult_blk 62
name 6_consoles.5037027.er is in use; changed to 6_consoles.5037030.er
Creating experiment database 6_consoles.5037030.er (Process ID: 14052) ...
 23437.500   2248.728 # matmult_blk 63
name 6_consoles.5037027.er is in use; changed to 6_consoles.5037031.er
Creating experiment database 6_consoles.5037031.er (Process ID: 14089) ...
 23437.500   2247.778 # matmult_blk 64
name 6_consoles.5037027.er is in use; changed to 6_consoles.5037032.er
Creating experiment database 6_consoles.5037032.er (Process ID: 14127) ...
 23437.500   2261.060 # matmult_blk 65
name 6_consoles.5037027.er is in use; changed to 6_consoles.5037033.er
Creating experiment database 6_consoles.5037033.er (Process ID: 14180) ...
 23437.500   2237.942 # matmult_blk 66
name 6_consoles.5037027.er is in use; changed to 6_consoles.5037034.er
Creating experiment database 6_consoles.5037034.er (Process ID: 14226) ...
 23437.500   2243.368 # matmult_blk 67
name 6_consoles.5037027.er is in use; changed to 6_consoles.5037035.er
Creating experiment database 6_consoles.5037035.er (Process ID: 14263) ...
 23437.500   2229.899 # matmult_blk 68
name 6_consoles.5037027.er is in use; changed to 6_consoles.5037036.er
Creating experiment database 6_consoles.5037036.er (Process ID: 14300) ...
 23437.500   2220.412 # matmult_blk 69
name 6_consoles.5037027.er is in use; changed to 6_consoles.5037037.er
Creating experiment database 6_consoles.5037037.er (Process ID: 14338) ...
 23437.500   2246.923 # matmult_blk 70
name 6_consoles.5037027.er is in use; changed to 6_consoles.5037038.er
Creating experiment database 6_consoles.5037038.er (Process ID: 14374) ...
 23437.500   2226.357 # matmult_blk 71
name 6_consoles.5037027.er is in use; changed to 6_consoles.5037039.er
Creating experiment database 6_consoles.5037039.er (Process ID: 14411) ...
 23437.500   2222.528 # matmult_blk 72
name 6_consoles.5037027.er is in use; changed to 6_consoles.5037040.er
Creating experiment database 6_consoles.5037040.er (Process ID: 14448) ...
 23437.500   2244.810 # matmult_blk 73
name 6_consoles.5037027.er is in use; changed to 6_consoles.5037041.er
Creating experiment database 6_consoles.5037041.er (Process ID: 14484) ...
 23437.500   2239.828 # matmult_blk 74
name 6_consoles.5037027.er is in use; changed to 6_consoles.5037054.er
Creating experiment database 6_consoles.5037054.er (Process ID: 14521) ...
 23437.500   2238.999 # matmult_blk 75
name 6_consoles.5037027.er is in use; changed to 6_consoles.5037055.er
Creating experiment database 6_consoles.5037055.er (Process ID: 14557) ...
 23437.500   2231.246 # matmult_blk 76
name 6_consoles.5037027.er is in use; changed to 6_consoles.5037057.er
Creating experiment database 6_consoles.5037057.er (Process ID: 14605) ...
 23437.500   2250.188 # matmult_blk 77
name 6_consoles.5037027.er is in use; changed to 6_consoles.5037058.er
Creating experiment database 6_consoles.5037058.er (Process ID: 14641) ...
 23437.500   2238.752 # matmult_blk 78
name 6_consoles.5037027.er is in use; changed to 6_consoles.5037059.er
Creating experiment database 6_consoles.5037059.er (Process ID: 14678) ...
 23437.500   2224.263 # matmult_blk 79
name 6_consoles.5037027.er is in use; changed to 6_consoles.5037060.er
Creating experiment database 6_consoles.5037060.er (Process ID: 14926) ...
 23437.500   2237.141 # matmult_blk 80
name 6_consoles.5037027.er is in use; changed to 6_consoles.5037061.er
Creating experiment database 6_consoles.5037061.er (Process ID: 14992) ...
 23437.500   2242.734 # matmult_blk 81
name 6_consoles.5037027.er is in use; changed to 6_consoles.5037062.er
Creating experiment database 6_consoles.5037062.er (Process ID: 15029) ...
 23437.500   2248.633 # matmult_blk 82
name 6_consoles.5037027.er is in use; changed to 6_consoles.5037063.er
Creating experiment database 6_consoles.5037063.er (Process ID: 15065) ...
 23437.500   2250.311 # matmult_blk 83
name 6_consoles.5037027.er is in use; changed to 6_consoles.5037064.er
Creating experiment database 6_consoles.5037064.er (Process ID: 15102) ...
 23437.500   2257.827 # matmult_blk 84
name 6_consoles.5037027.er is in use; changed to 6_consoles.5037065.er
Creating experiment database 6_consoles.5037065.er (Process ID: 15139) ...
 23437.500   2251.202 # matmult_blk 85
name 6_consoles.5037027.er is in use; changed to 6_consoles.5037066.er
Creating experiment database 6_consoles.5037066.er (Process ID: 15176) ...
 23437.500   2256.467 # matmult_blk 86
name 6_consoles.5037027.er is in use; changed to 6_consoles.5037067.er
Creating experiment database 6_consoles.5037067.er (Process ID: 15212) ...
 23437.500   2244.299 # matmult_blk 87
name 6_consoles.5037027.er is in use; changed to 6_consoles.5037068.er
Creating experiment database 6_consoles.5037068.er (Process ID: 15249) ...
 23437.500   2244.549 # matmult_blk 88
name 6_consoles.5037027.er is in use; changed to 6_consoles.5037069.er
Creating experiment database 6_consoles.5037069.er (Process ID: 15314) ...
 23437.500   2253.160 # matmult_blk 89
name 6_consoles.5037027.er is in use; changed to 6_consoles.5037070.er
Creating experiment database 6_consoles.5037070.er (Process ID: 15351) ...
 23437.500   2262.225 # matmult_blk 90
name 6_consoles.5037027.er is in use; changed to 6_consoles.5037071.er
Creating experiment database 6_consoles.5037071.er (Process ID: 15421) ...
 23437.500   2275.049 # matmult_blk 91
name 6_consoles.5037027.er is in use; changed to 6_consoles.5037072.er
Creating experiment database 6_consoles.5037072.er (Process ID: 15465) ...
 23437.500   2267.509 # matmult_blk 92
name 6_consoles.5037027.er is in use; changed to 6_consoles.5037073.er
Creating experiment database 6_consoles.5037073.er (Process ID: 15504) ...
 23437.500   2273.443 # matmult_blk 93
name 6_consoles.5037027.er is in use; changed to 6_consoles.5037104.er
Creating experiment database 6_consoles.5037104.er (Process ID: 15541) ...
 23437.500   2267.708 # matmult_blk 94
name 6_consoles.5037027.er is in use; changed to 6_consoles.5037105.er
Creating experiment database 6_consoles.5037105.er (Process ID: 15577) ...
 23437.500   2271.859 # matmult_blk 95
name 6_consoles.5037027.er is in use; changed to 6_consoles.5037106.er
Creating experiment database 6_consoles.5037106.er (Process ID: 15614) ...
 23437.500   2275.315 # matmult_blk 96
name 6_consoles.5037027.er is in use; changed to 6_consoles.5037107.er
Creating experiment database 6_consoles.5037107.er (Process ID: 15650) ...
 23437.500   2271.722 # matmult_blk 97
name 6_consoles.5037027.er is in use; changed to 6_consoles.5037108.er
Creating experiment database 6_consoles.5037108.er (Process ID: 15687) ...
 23437.500   2275.718 # matmult_blk 98
name 6_consoles.5037027.er is in use; changed to 6_consoles.5037109.er
Creating experiment database 6_consoles.5037109.er (Process ID: 15728) ...
 23437.500   2276.020 # matmult_blk 99
name 6_consoles.5037027.er is in use; changed to 6_consoles.5037110.er
Creating experiment database 6_consoles.5037110.er (Process ID: 15766) ...
 23437.500   2268.579 # matmult_blk 100
name 6_consoles.5037027.er is in use; changed to 6_consoles.5037111.er
Creating experiment database 6_consoles.5037111.er (Process ID: 15803) ...
 23437.500   2272.194 # matmult_blk 101
name 6_consoles.5037027.er is in use; changed to 6_consoles.5037112.er
Creating experiment database 6_consoles.5037112.er (Process ID: 15839) ...
 23437.500   2276.016 # matmult_blk 102
name 6_consoles.5037027.er is in use; changed to 6_consoles.5037113.er
Creating experiment database 6_consoles.5037113.er (Process ID: 15876) ...
 23437.500   2270.401 # matmult_blk 103
name 6_consoles.5037027.er is in use; changed to 6_consoles.5037114.er
Creating experiment database 6_consoles.5037114.er (Process ID: 15912) ...
 23437.500   2260.749 # matmult_blk 104
name 6_consoles.5037027.er is in use; changed to 6_consoles.5037115.er
Creating experiment database 6_consoles.5037115.er (Process ID: 15956) ...
 23437.500   2278.227 # matmult_blk 105
name 6_consoles.5037027.er is in use; changed to 6_consoles.5037116.er
Creating experiment database 6_consoles.5037116.er (Process ID: 15992) ...
 23437.500   2276.351 # matmult_blk 106
name 6_consoles.5037027.er is in use; changed to 6_consoles.5037117.er
Creating experiment database 6_consoles.5037117.er (Process ID: 16028) ...
 23437.500   2266.941 # matmult_blk 107
name 6_consoles.5037027.er is in use; changed to 6_consoles.5037118.er
Creating experiment database 6_consoles.5037118.er (Process ID: 16065) ...
 23437.500   2259.604 # matmult_blk 108
name 6_consoles.5037027.er is in use; changed to 6_consoles.5037119.er
Creating experiment database 6_consoles.5037119.er (Process ID: 16101) ...
 23437.500   2256.206 # matmult_blk 109
name 6_consoles.5037027.er is in use; changed to 6_consoles.5037120.er
Creating experiment database 6_consoles.5037120.er (Process ID: 16146) ...
 23437.500   2266.786 # matmult_blk 110
name 6_consoles.5037027.er is in use; changed to 6_consoles.5037121.er
Creating experiment database 6_consoles.5037121.er (Process ID: 16182) ...
 23437.500   2271.070 # matmult_blk 111
name 6_consoles.5037027.er is in use; changed to 6_consoles.5037122.er
Creating experiment database 6_consoles.5037122.er (Process ID: 16218) ...
 23437.500   2269.275 # matmult_blk 112
name 6_consoles.5037027.er is in use; changed to 6_consoles.5037123.er
Creating experiment database 6_consoles.5037123.er (Process ID: 16255) ...
 23437.500   2278.716 # matmult_blk 113
name 6_consoles.5037027.er is in use; changed to 6_consoles.5037124.er
Creating experiment database 6_consoles.5037124.er (Process ID: 16291) ...
 23437.500   2265.803 # matmult_blk 114
name 6_consoles.5037027.er is in use; changed to 6_consoles.5037125.er
Creating experiment database 6_consoles.5037125.er (Process ID: 16328) ...
 23437.500   2271.928 # matmult_blk 115
name 6_consoles.5037027.er is in use; changed to 6_consoles.5037126.er
Creating experiment database 6_consoles.5037126.er (Process ID: 16364) ...
 23437.500   2267.833 # matmult_blk 116
name 6_consoles.5037027.er is in use; changed to 6_consoles.5037127.er
Creating experiment database 6_consoles.5037127.er (Process ID: 16401) ...
 23437.500   2264.797 # matmult_blk 117
name 6_consoles.5037027.er is in use; changed to 6_consoles.5037128.er
Creating experiment database 6_consoles.5037128.er (Process ID: 16443) ...
 23437.500   2271.722 # matmult_blk 118
name 6_consoles.5037027.er is in use; changed to 6_consoles.5037129.er
Creating experiment database 6_consoles.5037129.er (Process ID: 16486) ...
 23437.500   2259.037 # matmult_blk 119
name 6_consoles.5037027.er is in use; changed to 6_consoles.5037130.er
Creating experiment database 6_consoles.5037130.er (Process ID: 16662) ...
 23437.500   2258.992 # matmult_blk 120

------------------------------------------------------------
Sender: LSF System <lsfadmin@n-62-21-48>
Subject: Job 5037027: <6_consoles> in cluster <dcc> Done

Job <6_consoles> was submitted from host <n-62-30-5> by user <s164211> in cluster <dcc> at Thu Jan  9 10:32:17 2020
Job was executed on host(s) <n-62-21-48>, in queue <hpcintro>, as user <s164211> in cluster <dcc> at Thu Jan  9 10:32:19 2020
</zhome/e3/7/118026> was used as the home directory.
</zhome/e3/7/118026/Desktop/gits/HPC> was used as the working directory.
Started at Thu Jan  9 10:32:19 2020
Terminated at Thu Jan  9 10:41:47 2020
Results reported at Thu Jan  9 10:41:47 2020

Your job looked like:

------------------------------------------------------------
# LSBATCH: User input
#!/bin/bash
# 02614 - High-Performance Computing, January 2020
# 
# batch script to run collect on a decidated server in the hpcintro
# queue
#
# Author: Bernd Dammann <bd@cc.dtu.dk>
#
#BSUB -J 6_consoles
#BSUB -o 6_consoles_%J.out
#BSUB -q hpcintro
#BSUB -n 1
#BSUB -R "rusage[mem=148]"
#BSUB -W 30

module load studio

# define the driver name to use
# valid values: matmult_c.studio, matmult_f.studio, matmult_c.gcc or
# matmult_f.gcc
#
EXECUTABLE=matmult_c.gcc

# define the mkn values in the MKN variable
#
MKN="1000 1000 1000"

# define the permutation type in PERM
#
PERM="blk"

# uncomment and set a reasonable BLKSIZE for the blk version
#
BLKSIZE=32

# define the max no. of iterations the driver should use - adjust to
# get a reasonable run time.  You can get an estimate by trying this
# on the command line, i.e. "MFLOPS_MAX_IT=10 ./matmult_...." for the
# problem size you want to analyze.
#
export MFLOPS_MAX_IT=10
export MATMULT_COMPARE=0

# experiment name 
#
JID=${LSB_JOBID}
EXPOUT="$LSB_JOBNAME.${JID}.er"

# uncomment the HWCOUNT line, if you want to use hardware counters
# define an option string for the harwdware counters (see output of

(... more ...)
------------------------------------------------------------

Successfully completed.

Resource usage summary:

    CPU time :                                   552.00 sec.
    Max Memory :                                 49 MB
    Average Memory :                             38.37 MB
    Total Requested Memory :                     148.00 MB
    Delta Memory :                               99.00 MB
    Max Swap :                                   -
    Max Processes :                              7
    Max Threads :                                8
    Run time :                                   568 sec.
    Turnaround time :                            570 sec.

The output (if any) is above this job summary.

