Loaded module: studio/12u6
name 6_consoles.5037055.er is in use; changed to 6_consoles.5037056.er
Creating experiment database 6_consoles.5037056.er (Process ID: 14731) ...
   234.375   1514.922 # matmult_mnk
   234.375   4263.483 # matmult_mkn
   234.375   4361.099 # matmult_kmn
   234.375   1433.384 # matmult_knm
   234.375   1440.092 # matmult_nkm
   234.375   1650.437 # matmult_nmk

------------------------------------------------------------
Sender: LSF System <lsfadmin@n-62-21-45>
Subject: Job 5037055: <6_consoles> in cluster <dcc> Done

Job <6_consoles> was submitted from host <n-62-30-5> by user <s164211> in cluster <dcc> at Thu Jan  9 10:34:50 2020
Job was executed on host(s) <n-62-21-45>, in queue <hpcintro>, as user <s164211> in cluster <dcc> at Thu Jan  9 10:34:52 2020
</zhome/e3/7/118026> was used as the home directory.
</zhome/e3/7/118026/Desktop/gits/HPC> was used as the working directory.
Started at Thu Jan  9 10:34:52 2020
Terminated at Thu Jan  9 10:34:56 2020
Results reported at Thu Jan  9 10:34:56 2020

Your job looked like:

------------------------------------------------------------
# LSBATCH: User input
#!/bin/bash
# 02614 - High-Performance Computing, January 2020
# 
# batch script to run collect on a decidated server in the hpcintro
# queue
#
# Author: Bernd Dammann <bd@cc.dtu.dk>
#
#BSUB -J 6_consoles
#BSUB -o 6_consoles_%J.out
#BSUB -q hpcintro
#BSUB -n 1
#BSUB -R "rusage[mem=148]"
#BSUB -W 10

module load studio

# define the driver name to use
# valid values: matmult_c.studio, matmult_f.studio, matmult_c.gcc or
# matmult_f.gcc
#
EXECUTABLE=matmult_c.gcc

# define the mkn values in the MKN variable
#
MKN="100 100 100"

# define the permutation type in PERM
#
PERM="per"

# uncomment and set a reasonable BLKSIZE for the blk version
#
BLKSIZE=32

# define the max no. of iterations the driver should use - adjust to
# get a reasonable run time.  You can get an estimate by trying this
# on the command line, i.e. "MFLOPS_MAX_IT=10 ./matmult_...." for the
# problem size you want to analyze.
#
export MFLOPS_MAX_IT=10
export MATMULT_COMPARE=0

# experiment name 
#
JID=${LSB_JOBID}
EXPOUT="$LSB_JOBNAME.${JID}.er"

# uncomment the HWCOUNT line, if you want to use hardware counters
# define an option string for the harwdware counters (see output of

(... more ...)
------------------------------------------------------------

Successfully completed.

Resource usage summary:

    CPU time :                                   0.41 sec.
    Max Memory :                                 -
    Average Memory :                             -
    Total Requested Memory :                     148.00 MB
    Delta Memory :                               -
    Max Swap :                                   -
    Max Processes :                              1
    Max Threads :                                1
    Run time :                                   4 sec.
    Turnaround time :                            6 sec.

The output (if any) is above this job summary.

