Loaded module: studio/12u6
Creating experiment database 6_consoles.5036923.er (Process ID: 14271) ...
 23437.500   1856.567 # matmult_blk 10
name 6_consoles.5036923.er is in use; changed to 6_consoles.5036924.er
Creating experiment database 6_consoles.5036924.er (Process ID: 14333) ...
 23437.500   1901.772 # matmult_blk 11
name 6_consoles.5036923.er is in use; changed to 6_consoles.5036925.er
Creating experiment database 6_consoles.5036925.er (Process ID: 14371) ...
 23437.500   1928.448 # matmult_blk 12
name 6_consoles.5036923.er is in use; changed to 6_consoles.5036926.er
Creating experiment database 6_consoles.5036926.er (Process ID: 14408) ...
 23437.500   1966.277 # matmult_blk 13
name 6_consoles.5036923.er is in use; changed to 6_consoles.5036927.er
Creating experiment database 6_consoles.5036927.er (Process ID: 14446) ...
 23437.500   1984.236 # matmult_blk 14
name 6_consoles.5036923.er is in use; changed to 6_consoles.5036928.er
Creating experiment database 6_consoles.5036928.er (Process ID: 14483) ...
 23437.500   2008.777 # matmult_blk 15
name 6_consoles.5036923.er is in use; changed to 6_consoles.5036929.er
Creating experiment database 6_consoles.5036929.er (Process ID: 14520) ...
 23437.500   2001.663 # matmult_blk 16
name 6_consoles.5036923.er is in use; changed to 6_consoles.5036930.er
Creating experiment database 6_consoles.5036930.er (Process ID: 14557) ...
 23437.500   2018.316 # matmult_blk 17
name 6_consoles.5036923.er is in use; changed to 6_consoles.5036931.er
Creating experiment database 6_consoles.5036931.er (Process ID: 14601) ...
 23437.500   2031.889 # matmult_blk 18
name 6_consoles.5036923.er is in use; changed to 6_consoles.5036932.er
Creating experiment database 6_consoles.5036932.er (Process ID: 14638) ...
 23437.500   2033.339 # matmult_blk 19
name 6_consoles.5036923.er is in use; changed to 6_consoles.5036933.er
Creating experiment database 6_consoles.5036933.er (Process ID: 14675) ...
 23437.500   1998.118 # matmult_blk 20
name 6_consoles.5036923.er is in use; changed to 6_consoles.5036934.er
Creating experiment database 6_consoles.5036934.er (Process ID: 14713) ...
 23437.500   2031.948 # matmult_blk 21
name 6_consoles.5036923.er is in use; changed to 6_consoles.5036935.er
Creating experiment database 6_consoles.5036935.er (Process ID: 14750) ...
 23437.500   2032.503 # matmult_blk 22
name 6_consoles.5036923.er is in use; changed to 6_consoles.5036936.er
Creating experiment database 6_consoles.5036936.er (Process ID: 14787) ...
 23437.500   2053.930 # matmult_blk 23
name 6_consoles.5036923.er is in use; changed to 6_consoles.5036937.er
Creating experiment database 6_consoles.5036937.er (Process ID: 14831) ...
 23437.500   2090.597 # matmult_blk 24
name 6_consoles.5036923.er is in use; changed to 6_consoles.5036938.er
Creating experiment database 6_consoles.5036938.er (Process ID: 14868) ...
 23437.500   2083.925 # matmult_blk 25
name 6_consoles.5036923.er is in use; changed to 6_consoles.5036939.er
Creating experiment database 6_consoles.5036939.er (Process ID: 14906) ...
 23437.500   2103.948 # matmult_blk 26
name 6_consoles.5036923.er is in use; changed to 6_consoles.5036940.er
Creating experiment database 6_consoles.5036940.er (Process ID: 14943) ...
 23437.500   2115.870 # matmult_blk 27
name 6_consoles.5036923.er is in use; changed to 6_consoles.5036941.er
Creating experiment database 6_consoles.5036941.er (Process ID: 14981) ...
 23437.500   2127.176 # matmult_blk 28
name 6_consoles.5036923.er is in use; changed to 6_consoles.5036942.er
Creating experiment database 6_consoles.5036942.er (Process ID: 15018) ...
 23437.500   2138.558 # matmult_blk 29
name 6_consoles.5036923.er is in use; changed to 6_consoles.5036943.er
Creating experiment database 6_consoles.5036943.er (Process ID: 15055) ...
 23437.500   2134.895 # matmult_blk 30
name 6_consoles.5036923.er is in use; changed to 6_consoles.5036944.er
Creating experiment database 6_consoles.5036944.er (Process ID: 15092) ...
 23437.500   2151.429 # matmult_blk 31
name 6_consoles.5036923.er is in use; changed to 6_consoles.5036945.er
Creating experiment database 6_consoles.5036945.er (Process ID: 15129) ...
 23437.500   2155.426 # matmult_blk 32
name 6_consoles.5036923.er is in use; changed to 6_consoles.5036946.er
Creating experiment database 6_consoles.5036946.er (Process ID: 15166) ...
 23437.500   2160.417 # matmult_blk 33
name 6_consoles.5036923.er is in use; changed to 6_consoles.5036947.er
Creating experiment database 6_consoles.5036947.er (Process ID: 15203) ...
 23437.500   2165.566 # matmult_blk 34
name 6_consoles.5036923.er is in use; changed to 6_consoles.5036948.er
Creating experiment database 6_consoles.5036948.er (Process ID: 15240) ...
 23437.500   2180.677 # matmult_blk 35
name 6_consoles.5036923.er is in use; changed to 6_consoles.5036949.er
Creating experiment database 6_consoles.5036949.er (Process ID: 15277) ...
 23437.500   2188.204 # matmult_blk 36
name 6_consoles.5036923.er is in use; changed to 6_consoles.5036950.er
Creating experiment database 6_consoles.5036950.er (Process ID: 15313) ...
 23437.500   2194.054 # matmult_blk 37
name 6_consoles.5036923.er is in use; changed to 6_consoles.5036951.er
Creating experiment database 6_consoles.5036951.er (Process ID: 15350) ...
 23437.500   2193.541 # matmult_blk 38
name 6_consoles.5036923.er is in use; changed to 6_consoles.5036952.er
Creating experiment database 6_consoles.5036952.er (Process ID: 15387) ...
 23437.500   2212.257 # matmult_blk 39
name 6_consoles.5036923.er is in use; changed to 6_consoles.5036953.er
Creating experiment database 6_consoles.5036953.er (Process ID: 15457) ...
 23437.500   2216.957 # matmult_blk 40
name 6_consoles.5036923.er is in use; changed to 6_consoles.5036954.er
Creating experiment database 6_consoles.5036954.er (Process ID: 15499) ...
 23437.500   2220.034 # matmult_blk 41
name 6_consoles.5036923.er is in use; changed to 6_consoles.5036955.er
Creating experiment database 6_consoles.5036955.er (Process ID: 15540) ...
 23437.500   2232.550 # matmult_blk 42
name 6_consoles.5036923.er is in use; changed to 6_consoles.5036956.er
Creating experiment database 6_consoles.5036956.er (Process ID: 15577) ...
 23437.500   2234.773 # matmult_blk 43
name 6_consoles.5036923.er is in use; changed to 6_consoles.5036957.er
Creating experiment database 6_consoles.5036957.er (Process ID: 15614) ...
 23437.500   2245.329 # matmult_blk 44
name 6_consoles.5036923.er is in use; changed to 6_consoles.5036958.er
Creating experiment database 6_consoles.5036958.er (Process ID: 15653) ...
 23437.500   2248.318 # matmult_blk 45
name 6_consoles.5036923.er is in use; changed to 6_consoles.5036959.er
Creating experiment database 6_consoles.5036959.er (Process ID: 15690) ...
 23437.500   2245.788 # matmult_blk 46
name 6_consoles.5036923.er is in use; changed to 6_consoles.5036960.er
Creating experiment database 6_consoles.5036960.er (Process ID: 15726) ...
 23437.500   2246.719 # matmult_blk 47
name 6_consoles.5036923.er is in use; changed to 6_consoles.5036961.er
Creating experiment database 6_consoles.5036961.er (Process ID: 15762) ...
 23437.500   2246.877 # matmult_blk 48
name 6_consoles.5036923.er is in use; changed to 6_consoles.5036962.er
Creating experiment database 6_consoles.5036962.er (Process ID: 15800) ...
 23437.500   2252.926 # matmult_blk 49
name 6_consoles.5036923.er is in use; changed to 6_consoles.5036963.er
Creating experiment database 6_consoles.5036963.er (Process ID: 15836) ...
 23437.500   2254.119 # matmult_blk 50
name 6_consoles.5036923.er is in use; changed to 6_consoles.5036964.er
Creating experiment database 6_consoles.5036964.er (Process ID: 15873) ...
 23437.500   2252.111 # matmult_blk 51
name 6_consoles.5036923.er is in use; changed to 6_consoles.5036965.er
Creating experiment database 6_consoles.5036965.er (Process ID: 15909) ...
 23437.500   2230.778 # matmult_blk 52
name 6_consoles.5036923.er is in use; changed to 6_consoles.5036966.er
Creating experiment database 6_consoles.5036966.er (Process ID: 15946) ...
 23437.500   2236.402 # matmult_blk 53
name 6_consoles.5036923.er is in use; changed to 6_consoles.5036967.er
Creating experiment database 6_consoles.5036967.er (Process ID: 15983) ...
 23437.500   2234.926 # matmult_blk 54
name 6_consoles.5036923.er is in use; changed to 6_consoles.5036968.er
Creating experiment database 6_consoles.5036968.er (Process ID: 16019) ...
 23437.500   2237.067 # matmult_blk 55
name 6_consoles.5036923.er is in use; changed to 6_consoles.5036969.er
Creating experiment database 6_consoles.5036969.er (Process ID: 16056) ...
 23437.500   2224.060 # matmult_blk 56
name 6_consoles.5036923.er is in use; changed to 6_consoles.5036970.er
Creating experiment database 6_consoles.5036970.er (Process ID: 16093) ...
 23437.500   2237.512 # matmult_blk 57
name 6_consoles.5036923.er is in use; changed to 6_consoles.5036971.er
Creating experiment database 6_consoles.5036971.er (Process ID: 16130) ...
 23437.500   2227.668 # matmult_blk 58
name 6_consoles.5036923.er is in use; changed to 6_consoles.5036972.er
Creating experiment database 6_consoles.5036972.er (Process ID: 16167) ...
 23437.500   2238.827 # matmult_blk 59
name 6_consoles.5036923.er is in use; changed to 6_consoles.5036973.er
Creating experiment database 6_consoles.5036973.er (Process ID: 16203) ...
 23437.500   2228.226 # matmult_blk 60
name 6_consoles.5036923.er is in use; changed to 6_consoles.5036974.er
Creating experiment database 6_consoles.5036974.er (Process ID: 16243) ...
 23437.500   2219.471 # matmult_blk 61
name 6_consoles.5036923.er is in use; changed to 6_consoles.5036975.er
Creating experiment database 6_consoles.5036975.er (Process ID: 16280) ...
 23437.500   2213.951 # matmult_blk 62
name 6_consoles.5036923.er is in use; changed to 6_consoles.5036976.er
Creating experiment database 6_consoles.5036976.er (Process ID: 16318) ...
 23437.500   2234.280 # matmult_blk 63
name 6_consoles.5036923.er is in use; changed to 6_consoles.5036977.er
Creating experiment database 6_consoles.5036977.er (Process ID: 16355) ...
 23437.500   2224.894 # matmult_blk 64

------------------------------------------------------------
Sender: LSF System <lsfadmin@n-62-21-42>
Subject: Job 5036923: <6_consoles> in cluster <dcc> Done

Job <6_consoles> was submitted from host <n-62-30-5> by user <s164211> in cluster <dcc> at Thu Jan  9 10:17:35 2020
Job was executed on host(s) <n-62-21-42>, in queue <hpcintro>, as user <s164211> in cluster <dcc> at Thu Jan  9 10:17:36 2020
</zhome/e3/7/118026> was used as the home directory.
</zhome/e3/7/118026/Desktop/gits/HPC> was used as the working directory.
Started at Thu Jan  9 10:17:36 2020
Terminated at Thu Jan  9 10:26:35 2020
Results reported at Thu Jan  9 10:26:35 2020

Your job looked like:

------------------------------------------------------------
# LSBATCH: User input
#!/bin/bash
# 02614 - High-Performance Computing, January 2020
# 
# batch script to run collect on a decidated server in the hpcintro
# queue
#
# Author: Bernd Dammann <bd@cc.dtu.dk>
#
#BSUB -J 6_consoles
#BSUB -o 6_consoles_%J.out
#BSUB -q hpcintro
#BSUB -n 1
#BSUB -R "rusage[mem=148]"
#BSUB -W 30

module load studio

# define the driver name to use
# valid values: matmult_c.studio, matmult_f.studio, matmult_c.gcc or
# matmult_f.gcc
#
EXECUTABLE=matmult_c.gcc

# define the mkn values in the MKN variable
#
MKN="1000 1000 1000"

# define the permutation type in PERM
#
PERM="blk"

# uncomment and set a reasonable BLKSIZE for the blk version
#
BLKSIZE=32

# define the max no. of iterations the driver should use - adjust to
# get a reasonable run time.  You can get an estimate by trying this
# on the command line, i.e. "MFLOPS_MAX_IT=10 ./matmult_...." for the
# problem size you want to analyze.
#
export MFLOPS_MAX_IT=10
export MATMULT_COMPARE=0

# experiment name 
#
JID=${LSB_JOBID}
EXPOUT="$LSB_JOBNAME.${JID}.er"

# uncomment the HWCOUNT line, if you want to use hardware counters
# define an option string for the harwdware counters (see output of

(... more ...)
------------------------------------------------------------

Successfully completed.

Resource usage summary:

    CPU time :                                   524.00 sec.
    Max Memory :                                 47 MB
    Average Memory :                             40.16 MB
    Total Requested Memory :                     148.00 MB
    Delta Memory :                               101.00 MB
    Max Swap :                                   -
    Max Processes :                              6
    Max Threads :                                7
    Run time :                                   538 sec.
    Turnaround time :                            540 sec.

The output (if any) is above this job summary.

