    24.000    430.026 # matmult_mnk
    96.000    433.618 # matmult_mnk
   384.000    429.546 # matmult_mnk
  1536.000    304.007 # matmult_mnk
  6144.000    302.377 # matmult_mnk
 24576.000    325.637 # matmult_mnk
    24.000    343.480 # matmult_mkn
    96.000    351.871 # matmult_mkn
   384.000    357.650 # matmult_mkn
  1536.000    358.761 # matmult_mkn
  6144.000    361.621 # matmult_mkn
 24576.000    364.669 # matmult_mkn
    24.000    335.738 # matmult_kmn
    96.000    351.730 # matmult_kmn
   384.000    352.623 # matmult_kmn
  1536.000    355.544 # matmult_kmn
  6144.000    360.341 # matmult_kmn
 24576.000    364.680 # matmult_kmn
    24.000    325.402 # matmult_knm
    96.000    329.637 # matmult_knm
   384.000    300.587 # matmult_knm
  1536.000    173.957 # matmult_knm
  6144.000    154.275 # matmult_knm
 24576.000    162.405 # matmult_knm
    24.000    323.794 # matmult_nkm
    96.000    325.321 # matmult_nkm
   384.000    266.605 # matmult_nkm
  1536.000    174.013 # matmult_nkm
  6144.000    153.919 # matmult_nkm
 24576.000    162.243 # matmult_nkm
    24.000    487.619 # matmult_nmk
    96.000    498.515 # matmult_nmk
   384.000    487.721 # matmult_nmk
  1536.000    307.576 # matmult_nmk
  6144.000    302.208 # matmult_nmk
 24576.000    326.590 # matmult_nmk

------------------------------------------------------------
Sender: LSF System <lsfadmin@n-62-21-40>
Subject: Job 5039834: <6_monitors> in cluster <dcc> Done

Job <6_monitors> was submitted from host <n-62-30-5> by user <s164211> in cluster <dcc> at Thu Jan  9 14:27:42 2020
Job was executed on host(s) <n-62-21-40>, in queue <hpcintro>, as user <s164211> in cluster <dcc> at Thu Jan  9 14:27:44 2020
</zhome/e3/7/118026> was used as the home directory.
</zhome/e3/7/118026/Desktop/gits/HPC> was used as the working directory.
Started at Thu Jan  9 14:27:44 2020
Terminated at Thu Jan  9 14:37:36 2020
Results reported at Thu Jan  9 14:37:36 2020

Your job looked like:

------------------------------------------------------------
# LSBATCH: User input
#!/bin/bash
#BSUB -J 6_monitors
#BSUB -o 6_monitors_optim2_nmk%J.out
#BSUB -q hpcintro
#BSUB -n 1
#BSUB -R "rusage[mem=512]"
#BSUB -W 60

EXECUTABLE=matmult_c.gcc

# "32 64 128 256 512 1024 2048"
SIZES="32 64 128 256 512 1024"

PERM="nmk"

# "4 8 16 32 64 128 256 512"
BLKSIZE=128

export MFLOPS_MAX_IT=10
export MATMULT_COMPARE=0

# ./$EXECUTABLE $PERM $SIZES $SIZES $SIZES $BLKSIZE

# for B in $BLKSIZE
# do
#     ./$EXECUTABLE $PERM $SIZES $SIZES $SIZES $B
# done

# for B in {20..200..2}
# do
#     ./$EXECUTABLE $PERM $SIZES $SIZES $SIZES $B
# done

# for S in $SIZES
# do
#     ./$EXECUTABLE $PERM $S $S $S $BLKSIZE
# done

PERMS="mnk mkn kmn knm nkm nmk"

for P in $PERMS
do
    for S in $SIZES
    do
        ./$EXECUTABLE $P $S $S $S $BLKSIZE
    done
done
------------------------------------------------------------

Successfully completed.

Resource usage summary:

    CPU time :                                   591.19 sec.
    Max Memory :                                 28 MB
    Average Memory :                             25.10 MB
    Total Requested Memory :                     512.00 MB
    Delta Memory :                               484.00 MB
    Max Swap :                                   -
    Max Processes :                              4
    Max Threads :                                5
    Run time :                                   592 sec.
    Turnaround time :                            594 sec.

The output (if any) is above this job summary.

