Loaded module: studio/12u6
Creating experiment database 6_monitors.5039857.er (Process ID: 17239) ...
 24576.000    319.997 # matmult_mnk
 24576.000    362.640 # matmult_mkn
 24576.000    361.209 # matmult_kmn
 24576.000    143.026 # matmult_knm
 24576.000    140.727 # matmult_nkm
 24576.000    305.549 # matmult_nmk

------------------------------------------------------------
Sender: LSF System <lsfadmin@n-62-21-47>
Subject: Job 5039857: <6_monitors> in cluster <dcc> Done

Job <6_monitors> was submitted from host <n-62-30-5> by user <s164211> in cluster <dcc> at Thu Jan  9 14:33:05 2020
Job was executed on host(s) <n-62-21-47>, in queue <hpcintro>, as user <s164211> in cluster <dcc> at Thu Jan  9 14:33:06 2020
</zhome/e3/7/118026> was used as the home directory.
</zhome/e3/7/118026/Desktop/gits/HPC> was used as the working directory.
Started at Thu Jan  9 14:33:06 2020
Terminated at Thu Jan  9 14:42:31 2020
Results reported at Thu Jan  9 14:42:31 2020

Your job looked like:

------------------------------------------------------------
# LSBATCH: User input
#!/bin/bash
# 02614 - High-Performance Computing, January 2020
# 
# batch script to run collect on a decidated server in the hpcintro
# queue
#
# Author: Bernd Dammann <bd@cc.dtu.dk>
#
#BSUB -J 6_monitors
#BSUB -o 6_monitors_per_noomtim_%J.out
#BSUB -q hpcintro
#BSUB -n 1
#BSUB -R "rusage[mem=148]"
#BSUB -W 20

module load studio

# define the driver name to use
# valid values: matmult_c.studio, matmult_f.studio, matmult_c.gcc or
# matmult_f.gcc
#
EXECUTABLE=matmult_c.gcc

# define the mkn values in the MKN variable
#
MKN="1024 1024 1024"

# define the permutation type in PERM
#
PERM="per"

# uncomment and set a reasonable BLKSIZE for the blk version
#
BLKSIZE=128

# define the max no. of iterations the driver should use - adjust to
# get a reasonable run time.  You can get an estimate by trying this
# on the command line, i.e. "MFLOPS_MAX_IT=10 ./matmult_...." for the
# problem size you want to analyze.
#
export MFLOPS_MAX_IT=10
export MATMULT_COMPARE=0

# experiment name 
#
JID=${LSB_JOBID}
EXPOUT="$LSB_JOBNAME.${JID}.er"

# uncomment the HWCOUNT line, if you want to use hardware counters
# define an option string for the harwdware counters (see output of

(... more ...)
------------------------------------------------------------

Successfully completed.

Resource usage summary:

    CPU time :                                   559.70 sec.
    Max Memory :                                 48 MB
    Average Memory :                             42.74 MB
    Total Requested Memory :                     148.00 MB
    Delta Memory :                               100.00 MB
    Max Swap :                                   -
    Max Processes :                              4
    Max Threads :                                5
    Run time :                                   565 sec.
    Turnaround time :                            566 sec.

The output (if any) is above this job summary.

