 24576.000   1302.587 # matmult_blk 4
 24576.000   1511.871 # matmult_blk 8
 24576.000   1956.299 # matmult_blk 16
 24576.000   2042.547 # matmult_blk 32
 24576.000   1764.148 # matmult_blk 64
 24576.000   2082.436 # matmult_blk 128
 24576.000   2292.839 # matmult_blk 256
 24576.000   2345.340 # matmult_blk 512

------------------------------------------------------------
Sender: LSF System <lsfadmin@n-62-21-42>
Subject: Job 5039570: <6_monitors> in cluster <dcc> Done

Job <6_monitors> was submitted from host <n-62-30-5> by user <s164211> in cluster <dcc> at Thu Jan  9 13:36:28 2020
Job was executed on host(s) <n-62-21-42>, in queue <hpcintro>, as user <s164211> in cluster <dcc> at Thu Jan  9 13:36:30 2020
</zhome/e3/7/118026> was used as the home directory.
</zhome/e3/7/118026/Desktop/gits/HPC> was used as the working directory.
Started at Thu Jan  9 13:36:30 2020
Terminated at Thu Jan  9 13:38:04 2020
Results reported at Thu Jan  9 13:38:04 2020

Your job looked like:

------------------------------------------------------------
# LSBATCH: User input
#!/bin/bash
#BSUB -J 6_monitors
#BSUB -o 6_monitors_optim2_blk_8blksizes%J.out
#BSUB -q hpcintro
#BSUB -n 1
#BSUB -R "rusage[mem=512]"
#BSUB -W 60

EXECUTABLE=matmult_c.gcc

# "32 64 128 256 512 1024 2048"
SIZES="1024"

PERM="blk"

# "4 8 16 32 64 128 256 512"
BLKSIZE="4 8 16 32 64 128 256 512"

export MFLOPS_MAX_IT=10
export MATMULT_COMPARE=0

for B in $BLKSIZE
do
    ./$EXECUTABLE $PERM $SIZES $SIZES $SIZES $B
done

# for B in {20..200..2}
# do
#     ./$EXECUTABLE $PERM $SIZES $SIZES $SIZES $B
# done

# for S in $SIZES
# do
#     ./$EXECUTABLE $PERM $S $S $S $BLKSIZE
# done

# PERMS="mnk mkn kmn knm nkm nmk"

# for P in $PERMS
# do
#     for S in $SIZES
#     do
#         ./$EXECUTABLE $P $S $S $S $BLKSIZE
#     done
# done
------------------------------------------------------------

Successfully completed.

Resource usage summary:

    CPU time :                                   93.58 sec.
    Max Memory :                                 28 MB
    Average Memory :                             28.00 MB
    Total Requested Memory :                     512.00 MB
    Delta Memory :                               484.00 MB
    Max Swap :                                   -
    Max Processes :                              4
    Max Threads :                                5
    Run time :                                   96 sec.
    Turnaround time :                            96 sec.

The output (if any) is above this job summary.

