 24576.000   1964.230 # matmult_blk 20
 24576.000   2003.288 # matmult_blk 22
 24576.000   2010.007 # matmult_blk 24
 24576.000   2043.893 # matmult_blk 26
 24576.000   2030.910 # matmult_blk 28
 24576.000   2028.000 # matmult_blk 30
 24576.000   1993.912 # matmult_blk 32
 24576.000   1873.951 # matmult_blk 34
 24576.000   1702.215 # matmult_blk 36
 24576.000   1648.806 # matmult_blk 38
 24576.000   1592.978 # matmult_blk 40
 24576.000   1584.238 # matmult_blk 42
 24576.000   1582.619 # matmult_blk 44
 24576.000   1566.045 # matmult_blk 46
 24576.000   1600.494 # matmult_blk 48
 24576.000   1695.845 # matmult_blk 50
 24576.000   1706.869 # matmult_blk 52
 24576.000   1693.167 # matmult_blk 54
 24576.000   1694.112 # matmult_blk 56
 24576.000   1702.227 # matmult_blk 58
 24576.000   1693.305 # matmult_blk 60
 24576.000   1701.625 # matmult_blk 62
 24576.000   1688.197 # matmult_blk 64
 24576.000   1701.108 # matmult_blk 66
 24576.000   1696.058 # matmult_blk 68
 24576.000   1697.315 # matmult_blk 70
 24576.000   1668.511 # matmult_blk 72
 24576.000   1679.918 # matmult_blk 74
 24576.000   1723.074 # matmult_blk 76
 24576.000   1708.918 # matmult_blk 78
 24576.000   1738.581 # matmult_blk 80
 24576.000   1764.161 # matmult_blk 82
 24576.000   1817.951 # matmult_blk 84
 24576.000   1798.908 # matmult_blk 86
 24576.000   1852.210 # matmult_blk 88
 24576.000   1866.272 # matmult_blk 90
 24576.000   1879.771 # matmult_blk 92
 24576.000   1869.022 # matmult_blk 94
 24576.000   1874.351 # matmult_blk 96
 24576.000   1888.610 # matmult_blk 98
 24576.000   1910.043 # matmult_blk 100
 24576.000   1966.722 # matmult_blk 102
 24576.000   1887.905 # matmult_blk 104
 24576.000   1909.609 # matmult_blk 106
 24576.000   1920.412 # matmult_blk 108
 24576.000   1935.970 # matmult_blk 110
 24576.000   1942.625 # matmult_blk 112
 24576.000   1961.129 # matmult_blk 114
 24576.000   1924.545 # matmult_blk 116
 24576.000   1937.527 # matmult_blk 118
 24576.000   1940.915 # matmult_blk 120
 24576.000   1963.517 # matmult_blk 122
 24576.000   1972.434 # matmult_blk 124
 24576.000   1973.646 # matmult_blk 126
 24576.000   2033.737 # matmult_blk 128
 24576.000   2045.128 # matmult_blk 130
 24576.000   2051.630 # matmult_blk 132
 24576.000   2000.800 # matmult_blk 134
 24576.000   2003.027 # matmult_blk 136
 24576.000   2017.718 # matmult_blk 138
 24576.000   1967.968 # matmult_blk 140
 24576.000   1985.200 # matmult_blk 142
 24576.000   1984.349 # matmult_blk 144
 24576.000   1955.359 # matmult_blk 146
 24576.000   2000.094 # matmult_blk 148
 24576.000   1995.014 # matmult_blk 150
 24576.000   1997.193 # matmult_blk 152
 24576.000   2004.974 # matmult_blk 154
 24576.000   1962.548 # matmult_blk 156
 24576.000   1983.014 # matmult_blk 158
 24576.000   1992.339 # matmult_blk 160
 24576.000   2011.304 # matmult_blk 162
 24576.000   2039.870 # matmult_blk 164
 24576.000   2053.879 # matmult_blk 166
 24576.000   2058.495 # matmult_blk 168
 24576.000   2100.061 # matmult_blk 170
 24576.000   2107.415 # matmult_blk 172
 24576.000   2136.597 # matmult_blk 174
 24576.000   2122.716 # matmult_blk 176
 24576.000   2132.966 # matmult_blk 178
 24576.000   2134.236 # matmult_blk 180
 24576.000   2146.789 # matmult_blk 182
 24576.000   2142.483 # matmult_blk 184
 24576.000   2132.556 # matmult_blk 186
 24576.000   2141.346 # matmult_blk 188
 24576.000   2163.836 # matmult_blk 190
 24576.000   2174.214 # matmult_blk 192
 24576.000   2186.753 # matmult_blk 194
 24576.000   2202.563 # matmult_blk 196
 24576.000   2208.520 # matmult_blk 198
 24576.000   2210.541 # matmult_blk 200

------------------------------------------------------------
Sender: LSF System <lsfadmin@n-62-21-38>
Subject: Job 5039100: <6_monitors> in cluster <dcc> Done

Job <6_monitors> was submitted from host <n-62-30-5> by user <s164211> in cluster <dcc> at Thu Jan  9 12:37:09 2020
Job was executed on host(s) <n-62-21-38>, in queue <hpcintro>, as user <s164211> in cluster <dcc> at Thu Jan  9 12:37:11 2020
</zhome/e3/7/118026> was used as the home directory.
</zhome/e3/7/118026/Desktop/gits/HPC> was used as the working directory.
Started at Thu Jan  9 12:37:11 2020
Terminated at Thu Jan  9 12:54:20 2020
Results reported at Thu Jan  9 12:54:20 2020

Your job looked like:

------------------------------------------------------------
# LSBATCH: User input
#!/bin/bash
# 02614 - High-Performance Computing, January 2018
# 
# batch script to run matmult on a decidated server in the hpcintro
# queue
#
# Author: Bernd Dammann <bd@cc.dtu.dk>
#
#BSUB -J 6_monitors
#BSUB -o 6_monitors%J.out
#BSUB -q hpcintro
#BSUB -n 1
#BSUB -R "rusage[mem=1000]"
#BSUB -W 60

# define the driver name to use
# valid values: matmult_c.studio, matmult_f.studio, matmult_c.gcc or
# matmult_f.gcc
#
EXECUTABLE=matmult_c.gcc

# define the mkn values in the MKN variable
# "32 64 128 256 512 1024 2048"


SIZES="1024"

# define the permutation type in PERM
#
PERM="blk"

# uncomment and set a reasonable BLKSIZE for the blk version
# "4 8 16 32 64 128 256 512"
BLKSIZE=128

# enable(1)/disable(0) result checking
export MFLOPS_MAX_IT=10
export MATMULT_COMPARE=0

# start the collect command with the above settings

# for B in $BLKSIZE
# do
#     ./$EXECUTABLE $PERM $SIZES $SIZES $SIZES $B
# done

for B in {20..200..2}
do
    ./$EXECUTABLE $PERM $SIZES $SIZES $SIZES $B
done

(... more ...)
------------------------------------------------------------

Successfully completed.

Resource usage summary:

    CPU time :                                   1027.86 sec.
    Max Memory :                                 28 MB
    Average Memory :                             28.00 MB
    Total Requested Memory :                     1000.00 MB
    Delta Memory :                               972.00 MB
    Max Swap :                                   -
    Max Processes :                              4
    Max Threads :                                5
    Run time :                                   1032 sec.
    Turnaround time :                            1031 sec.

The output (if any) is above this job summary.

