375000.000   2443.147 # matmult_mkn

------------------------------------------------------------
Sender: LSF System <lsfadmin@n-62-21-48>
Subject: Job 5039090: <6_monitors> in cluster <dcc> Done

Job <6_monitors> was submitted from host <n-62-30-5> by user <s164211> in cluster <dcc> at Thu Jan  9 12:32:46 2020
Job was executed on host(s) <n-62-21-48>, in queue <hpcintro>, as user <s164211> in cluster <dcc> at Thu Jan  9 12:32:46 2020
</zhome/e3/7/118026> was used as the home directory.
</zhome/e3/7/118026/Desktop/gits/HPC> was used as the working directory.
Started at Thu Jan  9 12:32:46 2020
Terminated at Thu Jan  9 12:41:32 2020
Results reported at Thu Jan  9 12:41:32 2020

Your job looked like:

------------------------------------------------------------
# LSBATCH: User input
#!/bin/bash
# 02614 - High-Performance Computing, January 2018
# 
# batch script to run matmult on a decidated server in the hpcintro
# queue
#
# Author: Bernd Dammann <bd@cc.dtu.dk>
#
#BSUB -J 6_monitors
#BSUB -o 6_monitors%J.out
#BSUB -q hpcintro
#BSUB -n 1
#BSUB -R "rusage[mem=1000]"
#BSUB -W 15

# define the driver name to use
# valid values: matmult_c.studio, matmult_f.studio, matmult_c.gcc or
# matmult_f.gcc
#
EXECUTABLE=matmult_c.gcc

# define the mkn values in the MKN variable
# "32 64 128 256 512 1024 2048"


SIZES="4000"

# define the permutation type in PERM
#
PERM="mkn"

# uncomment and set a reasonable BLKSIZE for the blk version
# "4 8 16 32 64 128 256 512"
BLKSIZE=128

# enable(1)/disable(0) result checking
export MFLOPS_MAX_IT=10
export MATMULT_COMPARE=0

# start the collect command with the above settings

# for B in $BLKSIZE
# do
#     ./$EXECUTABLE $PERM $SIZES $SIZES $SIZES $B
# done

for S in $SIZES
do
    ./$EXECUTABLE $PERM $S $S $S $BLKSIZE
done

(... more ...)
------------------------------------------------------------

Successfully completed.

Resource usage summary:

    CPU time :                                   524.76 sec.
    Max Memory :                                 370 MB
    Average Memory :                             370.00 MB
    Total Requested Memory :                     1000.00 MB
    Delta Memory :                               630.00 MB
    Max Swap :                                   -
    Max Processes :                              4
    Max Threads :                                5
    Run time :                                   528 sec.
    Turnaround time :                            526 sec.

The output (if any) is above this job summary.

