 24576.000   2020.981 # matmult_blk 20
 24576.000   2054.884 # matmult_blk 22
 24576.000   2074.821 # matmult_blk 24
 24576.000   2092.082 # matmult_blk 26
 24576.000   2093.937 # matmult_blk 28
 24576.000   2047.179 # matmult_blk 30
 24576.000   2030.700 # matmult_blk 32
 24576.000   1880.093 # matmult_blk 34
 24576.000   1742.315 # matmult_blk 36
 24576.000   1697.726 # matmult_blk 38
 24576.000   1630.626 # matmult_blk 40
 24576.000   1650.148 # matmult_blk 42
 24576.000   1631.715 # matmult_blk 44
 24576.000   1634.569 # matmult_blk 46
 24576.000   1633.396 # matmult_blk 48
 24576.000   1648.088 # matmult_blk 50
 24576.000   1626.878 # matmult_blk 52
 24576.000   1637.873 # matmult_blk 54
 24576.000   1663.866 # matmult_blk 56
 24576.000   1701.929 # matmult_blk 58
 24576.000   1688.049 # matmult_blk 60
 24576.000   1699.221 # matmult_blk 62
 24576.000   1664.071 # matmult_blk 64
 24576.000   1721.984 # matmult_blk 66
 24576.000   1700.281 # matmult_blk 68
 24576.000   1712.416 # matmult_blk 70
 24576.000   1704.049 # matmult_blk 72
 24576.000   1711.515 # matmult_blk 74
 24576.000   1740.732 # matmult_blk 76
 24576.000   1721.843 # matmult_blk 78
 24576.000   1756.323 # matmult_blk 80
 24576.000   1777.066 # matmult_blk 82
 24576.000   1827.583 # matmult_blk 84
 24576.000   1811.901 # matmult_blk 86
 24576.000   1857.264 # matmult_blk 88
 24576.000   1883.985 # matmult_blk 90
 24576.000   1888.123 # matmult_blk 92
 24576.000   1880.072 # matmult_blk 94
 24576.000   1884.978 # matmult_blk 96
 24576.000   1897.764 # matmult_blk 98
 24576.000   1927.175 # matmult_blk 100
 24576.000   1968.965 # matmult_blk 102
 24576.000   1903.698 # matmult_blk 104
 24576.000   1928.450 # matmult_blk 106
 24576.000   1940.089 # matmult_blk 108
 24576.000   1943.735 # matmult_blk 110
 24576.000   1949.986 # matmult_blk 112
 24576.000   1959.839 # matmult_blk 114
 24576.000   1912.633 # matmult_blk 116
 24576.000   1909.419 # matmult_blk 118
 24576.000   1910.791 # matmult_blk 120
 24576.000   1932.258 # matmult_blk 122
 24576.000   1943.004 # matmult_blk 124
 24576.000   1958.770 # matmult_blk 126
 24576.000   2024.269 # matmult_blk 128
 24576.000   2031.266 # matmult_blk 130
 24576.000   2030.777 # matmult_blk 132
 24576.000   1987.867 # matmult_blk 134
 24576.000   1991.718 # matmult_blk 136
 24576.000   1990.585 # matmult_blk 138
 24576.000   1958.083 # matmult_blk 140
 24576.000   1966.037 # matmult_blk 142
 24576.000   1964.994 # matmult_blk 144
 24576.000   1978.833 # matmult_blk 146
 24576.000   1983.073 # matmult_blk 148
 24576.000   1982.983 # matmult_blk 150
 24576.000   1980.965 # matmult_blk 152
 24576.000   1985.842 # matmult_blk 154
 24576.000   1954.076 # matmult_blk 156
 24576.000   1966.488 # matmult_blk 158
 24576.000   1964.253 # matmult_blk 160
 24576.000   1995.283 # matmult_blk 162
 24576.000   2030.713 # matmult_blk 164
 24576.000   2044.997 # matmult_blk 166
 24576.000   2051.364 # matmult_blk 168
 24576.000   2090.826 # matmult_blk 170
 24576.000   2097.847 # matmult_blk 172
 24576.000   2126.827 # matmult_blk 174
 24576.000   2109.690 # matmult_blk 176
 24576.000   2118.429 # matmult_blk 178
 24576.000   2122.126 # matmult_blk 180
 24576.000   2149.897 # matmult_blk 182
 24576.000   2148.291 # matmult_blk 184
 24576.000   2137.819 # matmult_blk 186
 24576.000   2144.248 # matmult_blk 188
 24576.000   2169.491 # matmult_blk 190
 24576.000   2175.529 # matmult_blk 192
 24576.000   2188.905 # matmult_blk 194
 24576.000   2197.711 # matmult_blk 196
 24576.000   2201.233 # matmult_blk 198
 24576.000   2204.162 # matmult_blk 200

------------------------------------------------------------
Sender: LSF System <lsfadmin@n-62-21-47>
Subject: Job 5039115: <6_monitors> in cluster <dcc> Done

Job <6_monitors> was submitted from host <n-62-30-5> by user <s164211> in cluster <dcc> at Thu Jan  9 12:50:02 2020
Job was executed on host(s) <n-62-21-47>, in queue <hpcintro>, as user <s164211> in cluster <dcc> at Thu Jan  9 12:50:04 2020
</zhome/e3/7/118026> was used as the home directory.
</zhome/e3/7/118026/Desktop/gits/HPC> was used as the working directory.
Started at Thu Jan  9 12:50:04 2020
Terminated at Thu Jan  9 13:07:12 2020
Results reported at Thu Jan  9 13:07:12 2020

Your job looked like:

------------------------------------------------------------
# LSBATCH: User input
#!/bin/bash
# 02614 - High-Performance Computing, January 2018
# 
# batch script to run matmult on a decidated server in the hpcintro
# queue
#
# Author: Bernd Dammann <bd@cc.dtu.dk>
#
#BSUB -J 6_monitors
#BSUB -o 6_monitors%J.out
#BSUB -q hpcintro
#BSUB -n 1
#BSUB -R "rusage[mem=512]"
#BSUB -W 60

# define the driver name to use
# valid values: matmult_c.studio, matmult_f.studio, matmult_c.gcc or
# matmult_f.gcc
#
EXECUTABLE=matmult_c.gcc

# define the mkn values in the MKN variable
# "32 64 128 256 512 1024 2048"


SIZES="1024"

# define the permutation type in PERM
#
PERM="blk"

# uncomment and set a reasonable BLKSIZE for the blk version
# "4 8 16 32 64 128 256 512"
BLKSIZE=128

# enable(1)/disable(0) result checking
export MFLOPS_MAX_IT=10
export MATMULT_COMPARE=0

# start the collect command with the above settings

# for B in $BLKSIZE
# do
#     ./$EXECUTABLE $PERM $SIZES $SIZES $SIZES $B
# done

for B in {20..200..2}
do
    ./$EXECUTABLE $PERM $SIZES $SIZES $SIZES $B
done

(... more ...)
------------------------------------------------------------

Successfully completed.

Resource usage summary:

    CPU time :                                   1025.66 sec.
    Max Memory :                                 28 MB
    Average Memory :                             28.00 MB
    Total Requested Memory :                     512.00 MB
    Delta Memory :                               484.00 MB
    Max Swap :                                   -
    Max Processes :                              4
    Max Threads :                                5
    Run time :                                   1037 sec.
    Turnaround time :                            1030 sec.

The output (if any) is above this job summary.

