   384.000   1485.814 # matmult_mnk
  1536.000    742.532 # matmult_mnk
  6144.000    798.224 # matmult_mnk
 24576.000    806.473 # matmult_mnk
 98304.000    347.099 # matmult_mnk
   384.000   5023.119 # matmult_mkn
  1536.000   5117.033 # matmult_mkn
  6144.000   5301.204 # matmult_mkn
 24576.000   5230.272 # matmult_mkn
 98304.000   2879.493 # matmult_mkn
   384.000   4553.582 # matmult_kmn
  1536.000   3745.249 # matmult_kmn
  6144.000   3868.492 # matmult_kmn
 24576.000   3842.466 # matmult_kmn
 98304.000   1922.246 # matmult_kmn
   384.000    531.220 # matmult_knm
  1536.000    272.408 # matmult_knm
  6144.000    169.129 # matmult_knm
 24576.000    148.968 # matmult_knm
 98304.000    120.589 # matmult_knm
   384.000    550.441 # matmult_nkm
  1536.000    269.797 # matmult_nkm
  6144.000    184.214 # matmult_nkm
 24576.000    152.200 # matmult_nkm
 98304.000    117.244 # matmult_nkm
   384.000   1564.572 # matmult_nmk
  1536.000    715.323 # matmult_nmk
  6144.000    712.238 # matmult_nmk
 24576.000    718.752 # matmult_nmk
User defined signal 2

------------------------------------------------------------
Sender: LSF System <lsfadmin@n-62-21-44>
Subject: Job 5039117: <6_monitors> in cluster <dcc> Exited

Job <6_monitors> was submitted from host <n-62-30-5> by user <s164211> in cluster <dcc> at Thu Jan  9 12:51:07 2020
Job was executed on host(s) <n-62-21-44>, in queue <hpcintro>, as user <s164211> in cluster <dcc> at Thu Jan  9 12:51:09 2020
</zhome/e3/7/118026> was used as the home directory.
</zhome/e3/7/118026/Desktop/gits/HPC> was used as the working directory.
Started at Thu Jan  9 12:51:09 2020
Terminated at Thu Jan  9 13:51:25 2020
Results reported at Thu Jan  9 13:51:25 2020

Your job looked like:

------------------------------------------------------------
# LSBATCH: User input
#!/bin/bash
# 02614 - High-Performance Computing, January 2018
# 
# batch script to run matmult on a decidated server in the hpcintro
# queue
#
# Author: Bernd Dammann <bd@cc.dtu.dk>
#
#BSUB -J 6_monitors
#BSUB -o 6_monitors_optim_per_5sizes%J.out
#BSUB -q hpcintro
#BSUB -n 1
#BSUB -R "rusage[mem=512]"
#BSUB -W 60

# define the driver name to use
# valid values: matmult_c.studio, matmult_f.studio, matmult_c.gcc or
# matmult_f.gcc
#
EXECUTABLE=matmult_c.gcc

# define the mkn values in the MKN variable
# "32 64 128 256 512 1024 2048"


SIZES="128 256 512 1024 2048"

# define the permutation type in PERM
#
PERM="blk"

# uncomment and set a reasonable BLKSIZE for the blk version
# "4 8 16 32 64 128 256 512"
BLKSIZE=128

# enable(1)/disable(0) result checking
export MFLOPS_MAX_IT=10
export MATMULT_COMPARE=0

# start the collect command with the above settings

# for B in $BLKSIZE
# do
#     ./$EXECUTABLE $PERM $SIZES $SIZES $SIZES $B
# done

# for B in {20..200..2}
# do
#     ./$EXECUTABLE $PERM $SIZES $SIZES $SIZES $B
# done

(... more ...)
------------------------------------------------------------

TERM_RUNLIMIT: job killed after reaching LSF run time limit.
Exited with exit code 140.

Resource usage summary:

    CPU time :                                   3614.00 sec.
    Max Memory :                                 100 MB
    Average Memory :                             90.82 MB
    Total Requested Memory :                     512.00 MB
    Delta Memory :                               412.00 MB
    Max Swap :                                   -
    Max Processes :                              4
    Max Threads :                                5
    Run time :                                   3616 sec.
    Turnaround time :                            3618 sec.

The output (if any) is above this job summary.

