 24576.000   1313.303 # matmult_blk 4
 24576.000   1526.234 # matmult_blk 8
 24576.000   1977.537 # matmult_blk 16
 24576.000   2063.664 # matmult_blk 32
 24576.000   1671.335 # matmult_blk 64
 24576.000   2025.025 # matmult_blk 128
 24576.000   2277.638 # matmult_blk 256
 24576.000   2342.169 # matmult_blk 512

------------------------------------------------------------
Sender: LSF System <lsfadmin@n-62-21-40>
Subject: Job 5038929: <6_monitors> in cluster <dcc> Done

Job <6_monitors> was submitted from host <n-62-30-5> by user <s164211> in cluster <dcc> at Thu Jan  9 12:31:31 2020
Job was executed on host(s) <n-62-21-40>, in queue <hpcintro>, as user <s164211> in cluster <dcc> at Thu Jan  9 12:31:32 2020
</zhome/e3/7/118026> was used as the home directory.
</zhome/e3/7/118026/Desktop/gits/HPC> was used as the working directory.
Started at Thu Jan  9 12:31:32 2020
Terminated at Thu Jan  9 12:33:07 2020
Results reported at Thu Jan  9 12:33:07 2020

Your job looked like:

------------------------------------------------------------
# LSBATCH: User input
#!/bin/bash
# 02614 - High-Performance Computing, January 2018
# 
# batch script to run matmult on a decidated server in the hpcintro
# queue
#
# Author: Bernd Dammann <bd@cc.dtu.dk>
#
#BSUB -J 6_monitors
#BSUB -o 6_monitors%J.out
#BSUB -q hpcintro
#BSUB -n 1
#BSUB -R "rusage[mem=248]"
#BSUB -W 15

# define the driver name to use
# valid values: matmult_c.studio, matmult_f.studio, matmult_c.gcc or
# matmult_f.gcc
#
EXECUTABLE=matmult_c.gcc

# define the mkn values in the MKN variable
# "32 64 128 256 512 1024 2048"


SIZES="1024"

# define the permutation type in PERM
#
PERM="blk"

# uncomment and set a reasonable BLKSIZE for the blk version
#
BLKSIZE="4 8 16 32 64 128 256 512"

# enable(1)/disable(0) result checking
export MFLOPS_MAX_IT=10
export MATMULT_COMPARE=0

# start the collect command with the above settings

for B in $BLKSIZE
do
    ./$EXECUTABLE $PERM $SIZES $SIZES $SIZES $B
done

# for S in $SIZES
# do
#     ./$EXECUTABLE $PERM $S $S $S $BLKSIZE
# done

(... more ...)
------------------------------------------------------------

Successfully completed.

Resource usage summary:

    CPU time :                                   94.14 sec.
    Max Memory :                                 28 MB
    Average Memory :                             28.00 MB
    Total Requested Memory :                     248.00 MB
    Delta Memory :                               220.00 MB
    Max Swap :                                   -
    Max Processes :                              4
    Max Threads :                                5
    Run time :                                   95 sec.
    Turnaround time :                            96 sec.

The output (if any) is above this job summary.

