 98304.000    315.121 # matmult_nmk

------------------------------------------------------------
Sender: LSF System <lsfadmin@n-62-21-45>
Subject: Job 5039707: <6_monitors> in cluster <dcc> Done

Job <6_monitors> was submitted from host <n-62-30-5> by user <s164211> in cluster <dcc> at Thu Jan  9 14:02:42 2020
Job was executed on host(s) <n-62-21-45>, in queue <hpcintro>, as user <s164211> in cluster <dcc> at Thu Jan  9 14:02:42 2020
</zhome/e3/7/118026> was used as the home directory.
</zhome/e3/7/118026/Desktop/gits/HPC> was used as the working directory.
Started at Thu Jan  9 14:02:42 2020
Terminated at Thu Jan  9 14:11:49 2020
Results reported at Thu Jan  9 14:11:49 2020

Your job looked like:

------------------------------------------------------------
# LSBATCH: User input
#!/bin/bash
#BSUB -J 6_monitors
#BSUB -o 6_monitors_optim2_nmk%J.out
#BSUB -q hpcintro
#BSUB -n 1
#BSUB -R "rusage[mem=512]"
#BSUB -W 60

EXECUTABLE=matmult_c.gcc

# "32 64 128 256 512 1024 2048"
SIZES="2048"

PERM="nmk"

# "4 8 16 32 64 128 256 512"
BLKSIZE=128

export MFLOPS_MAX_IT=10
export MATMULT_COMPARE=0

./$EXECUTABLE $PERM $SIZES $SIZES $SIZES $BLKSIZE

# for B in $BLKSIZE
# do
#     ./$EXECUTABLE $PERM $SIZES $SIZES $SIZES $B
# done

# for B in {20..200..2}
# do
#     ./$EXECUTABLE $PERM $SIZES $SIZES $SIZES $B
# done

# for S in $SIZES
# do
#     ./$EXECUTABLE $PERM $S $S $S $BLKSIZE
# done

# PERMS="mnk mkn kmn knm nkm nmk"

# for P in $PERMS
# do
#     for S in $SIZES
#     do
#         ./$EXECUTABLE $P $S $S $S $BLKSIZE
#     done
# done
------------------------------------------------------------

Successfully completed.

Resource usage summary:

    CPU time :                                   545.99 sec.
    Max Memory :                                 100 MB
    Average Memory :                             99.94 MB
    Total Requested Memory :                     512.00 MB
    Delta Memory :                               412.00 MB
    Max Swap :                                   -
    Max Processes :                              4
    Max Threads :                                5
    Run time :                                   547 sec.
    Turnaround time :                            547 sec.

The output (if any) is above this job summary.

