    24.000   3581.202 # matmult_mkn
    96.000   4372.711 # matmult_mkn
   384.000   4397.928 # matmult_mkn
  1536.000   4539.659 # matmult_mkn
  6144.000   5084.486 # matmult_mkn
 24576.000   5218.419 # matmult_mkn
 98304.000   3088.758 # matmult_mkn

------------------------------------------------------------
Sender: LSF System <lsfadmin@n-62-21-46>
Subject: Job 5038818: <6_monitors> in cluster <dcc> Done

Job <6_monitors> was submitted from host <n-62-30-5> by user <s164211> in cluster <dcc> at Thu Jan  9 12:21:01 2020
Job was executed on host(s) <n-62-21-46>, in queue <hpcintro>, as user <s164211> in cluster <dcc> at Thu Jan  9 12:21:02 2020
</zhome/e3/7/118026> was used as the home directory.
</zhome/e3/7/118026/Desktop/gits/HPC> was used as the working directory.
Started at Thu Jan  9 12:21:02 2020
Terminated at Thu Jan  9 12:22:02 2020
Results reported at Thu Jan  9 12:22:02 2020

Your job looked like:

------------------------------------------------------------
# LSBATCH: User input
#!/bin/bash
# 02614 - High-Performance Computing, January 2018
# 
# batch script to run matmult on a decidated server in the hpcintro
# queue
#
# Author: Bernd Dammann <bd@cc.dtu.dk>
#
#BSUB -J 6_monitors
#BSUB -o 6_monitors%J.out
#BSUB -q hpcintro
#BSUB -n 1
#BSUB -R "rusage[mem=248]"
#BSUB -W 15

# define the driver name to use
# valid values: matmult_c.studio, matmult_f.studio, matmult_c.gcc or
# matmult_f.gcc
#
EXECUTABLE=matmult_c.gcc

# define the mkn values in the MKN variable
#
SIZES="32 64 128 256 512 1024 2048"

# define the permutation type in PERM
#
PERM="mkn"

# uncomment and set a reasonable BLKSIZE for the blk version
#
BLKSIZE=128

# enable(1)/disable(0) result checking
export MFLOPS_MAX_IT=10
export MATMULT_COMPARE=0

# start the collect command with the above settings
for S in $SIZES
do
    ./$EXECUTABLE $PERM $S $S $S $BLKSIZE
done

------------------------------------------------------------

Successfully completed.

Resource usage summary:

    CPU time :                                   60.72 sec.
    Max Memory :                                 100 MB
    Average Memory :                             82.00 MB
    Total Requested Memory :                     248.00 MB
    Delta Memory :                               148.00 MB
    Max Swap :                                   -
    Max Processes :                              4
    Max Threads :                                5
    Run time :                                   60 sec.
    Turnaround time :                            61 sec.

The output (if any) is above this job summary.

