 24576.000   1887.000 # matmult_blk 128
 24576.000    964.067 # matmult_blk 2
 24576.000   1363.233 # matmult_blk 4
 24576.000   1405.169 # matmult_blk 6
 24576.000   1515.647 # matmult_blk 8
 24576.000   1608.960 # matmult_blk 10
 24576.000   1733.162 # matmult_blk 12
 24576.000   1837.824 # matmult_blk 14
 24576.000   1881.927 # matmult_blk 16
 24576.000   1952.537 # matmult_blk 18
 24576.000   1705.283 # matmult_blk 20
 24576.000   1996.039 # matmult_blk 22
 24576.000   2034.486 # matmult_blk 24
 24576.000   2038.576 # matmult_blk 26
 24576.000   2050.416 # matmult_blk 28
 24576.000   2044.130 # matmult_blk 30
 24576.000   2032.706 # matmult_blk 32
 24576.000   1669.182 # matmult_blk 34
 24576.000   1765.626 # matmult_blk 36
 24576.000   1742.788 # matmult_blk 38
 24576.000   1671.154 # matmult_blk 40
 24576.000   1709.373 # matmult_blk 42
 24576.000   1585.105 # matmult_blk 44
 24576.000   1727.262 # matmult_blk 46
 24576.000   1611.055 # matmult_blk 48
 24576.000   1609.079 # matmult_blk 50
 24576.000   1616.984 # matmult_blk 52
 24576.000   1610.039 # matmult_blk 54
 24576.000   1622.556 # matmult_blk 56
 24576.000   1640.787 # matmult_blk 58
 24576.000   1617.053 # matmult_blk 60
 24576.000   1635.277 # matmult_blk 62
 24576.000   1630.362 # matmult_blk 64
 24576.000   1644.111 # matmult_blk 66
 24576.000   1629.466 # matmult_blk 68
 24576.000   1626.129 # matmult_blk 70
 24576.000   1645.944 # matmult_blk 72
 24576.000   1616.294 # matmult_blk 74
 24576.000   1642.386 # matmult_blk 76
 24576.000   1644.234 # matmult_blk 78
 24576.000   1678.635 # matmult_blk 80
 24576.000   1704.898 # matmult_blk 82
 24576.000   1730.560 # matmult_blk 84
 24576.000   1730.961 # matmult_blk 86
 24576.000   1736.607 # matmult_blk 88
 24576.000   1754.932 # matmult_blk 90
 24576.000   1774.140 # matmult_blk 92
 24576.000   1764.186 # matmult_blk 94
 24576.000   1770.115 # matmult_blk 96
 24576.000   1774.630 # matmult_blk 98
 24576.000    237.648 # matmult_blk 100
 24576.000    238.276 # matmult_blk 102
 24576.000    237.595 # matmult_blk 104
 24576.000    238.125 # matmult_blk 106
 24576.000    237.784 # matmult_blk 108
 24576.000    236.718 # matmult_blk 110
 24576.000    236.658 # matmult_blk 112
 24576.000    238.135 # matmult_blk 114
 24576.000    237.566 # matmult_blk 116
 24576.000   1806.955 # matmult_blk 118
 24576.000   1823.761 # matmult_blk 120
 24576.000   1828.110 # matmult_blk 122
 24576.000   1834.276 # matmult_blk 124
 24576.000   1850.523 # matmult_blk 126
 24576.000   1891.790 # matmult_blk 128
 24576.000   1891.106 # matmult_blk 130
 24576.000   1888.884 # matmult_blk 132
 24576.000   1869.179 # matmult_blk 134
 24576.000   1870.672 # matmult_blk 136
 24576.000   1876.672 # matmult_blk 138
 24576.000   1861.355 # matmult_blk 140
 24576.000   1868.118 # matmult_blk 142
 24576.000   1865.493 # matmult_blk 144
 24576.000   1887.029 # matmult_blk 146
 24576.000   1877.047 # matmult_blk 148
 24576.000   1867.130 # matmult_blk 150
 24576.000   1869.343 # matmult_blk 152
 24576.000   1872.142 # matmult_blk 154
 24576.000   1848.397 # matmult_blk 156
 24576.000   1846.492 # matmult_blk 158
 24576.000    238.613 # matmult_blk 160
 24576.000   1866.719 # matmult_blk 162
 24576.000   1886.562 # matmult_blk 164
 24576.000   1895.099 # matmult_blk 166
 24576.000   1893.239 # matmult_blk 168
 24576.000   1927.540 # matmult_blk 170
 24576.000   1925.464 # matmult_blk 172
 24576.000   1947.552 # matmult_blk 174
 24576.000   1932.094 # matmult_blk 176
 24576.000   1939.283 # matmult_blk 178
 24576.000   1945.270 # matmult_blk 180
 24576.000   1940.583 # matmult_blk 182
 24576.000   1944.289 # matmult_blk 184
 24576.000   1942.872 # matmult_blk 186
 24576.000   1948.026 # matmult_blk 188
 24576.000   1968.988 # matmult_blk 190
 24576.000   1955.612 # matmult_blk 192
 24576.000   1963.849 # matmult_blk 194
 24576.000   1978.727 # matmult_blk 196
 24576.000   1995.506 # matmult_blk 198
 24576.000   1984.675 # matmult_blk 200
 24576.000   1990.164 # matmult_blk 202
 24576.000   1985.033 # matmult_blk 204
 24576.000   1998.584 # matmult_blk 206
 24576.000   1941.070 # matmult_blk 208
 24576.000   1938.625 # matmult_blk 210
 24576.000   1918.423 # matmult_blk 212
 24576.000   1926.112 # matmult_blk 214
 24576.000   1920.136 # matmult_blk 216
 24576.000   1927.827 # matmult_blk 218
 24576.000   1923.069 # matmult_blk 220
 24576.000   1933.482 # matmult_blk 222
 24576.000   1953.890 # matmult_blk 224
 24576.000   1956.977 # matmult_blk 226
 24576.000   1952.107 # matmult_blk 228
 24576.000   1958.610 # matmult_blk 230
 24576.000   1958.336 # matmult_blk 232
 24576.000   1961.260 # matmult_blk 234
 24576.000   1963.271 # matmult_blk 236
 24576.000   1972.884 # matmult_blk 238
 24576.000   1973.818 # matmult_blk 240
 24576.000   1979.289 # matmult_blk 242
 24576.000   2021.439 # matmult_blk 244
 24576.000   2036.695 # matmult_blk 246
 24576.000   2027.186 # matmult_blk 248
 24576.000   2044.580 # matmult_blk 250
 24576.000   2048.120 # matmult_blk 252
 24576.000   2053.160 # matmult_blk 254
 24576.000   2098.982 # matmult_blk 256
 24576.000   2096.762 # matmult_blk 258
 24576.000   2099.234 # matmult_blk 260
 24576.000   2099.939 # matmult_blk 262
 24576.000   2095.556 # matmult_blk 264
 24576.000   2098.770 # matmult_blk 266
 24576.000   2094.719 # matmult_blk 268
 24576.000   2205.427 # matmult_blk 270
 24576.000   2201.327 # matmult_blk 272
 24576.000   2200.098 # matmult_blk 274
 24576.000   2203.005 # matmult_blk 276
 24576.000   2197.244 # matmult_blk 278
 24576.000   2190.996 # matmult_blk 280
 24576.000   2157.185 # matmult_blk 282
 24576.000   2153.585 # matmult_blk 284
 24576.000   2151.134 # matmult_blk 286
 24576.000   2134.971 # matmult_blk 288
 24576.000   2139.257 # matmult_blk 290
 24576.000   2139.745 # matmult_blk 292
 24576.000   2150.111 # matmult_blk 294
 24576.000   2149.606 # matmult_blk 296
 24576.000   2149.120 # matmult_blk 298
 24576.000   2149.605 # matmult_blk 300
 24576.000   2151.424 # matmult_blk 302
 24576.000   2149.238 # matmult_blk 304
 24576.000   2153.863 # matmult_blk 306
 24576.000   2154.943 # matmult_blk 308
 24576.000   2156.840 # matmult_blk 310
 24576.000   2156.635 # matmult_blk 312
 24576.000   2166.331 # matmult_blk 314
 24576.000   2167.922 # matmult_blk 316
 24576.000   2177.885 # matmult_blk 318
 24576.000   2182.822 # matmult_blk 320
 24576.000   2200.267 # matmult_blk 322
 24576.000   2205.097 # matmult_blk 324
 24576.000   2209.601 # matmult_blk 326
 24576.000   2216.620 # matmult_blk 328
 24576.000   2221.883 # matmult_blk 330
 24576.000   2248.870 # matmult_blk 332
 24576.000   2264.834 # matmult_blk 334
 24576.000   2265.372 # matmult_blk 336
 24576.000   2271.717 # matmult_blk 338
 24576.000   2280.712 # matmult_blk 340
 24576.000   2291.800 # matmult_blk 342
 24576.000   2289.068 # matmult_blk 344
 24576.000   2286.779 # matmult_blk 346
 24576.000   2287.582 # matmult_blk 348
 24576.000   2291.460 # matmult_blk 350
 24576.000   2290.176 # matmult_blk 352
 24576.000   2292.939 # matmult_blk 354
 24576.000   2292.048 # matmult_blk 356
 24576.000   2293.257 # matmult_blk 358
 24576.000   2290.766 # matmult_blk 360
 24576.000   2291.414 # matmult_blk 362
 24576.000   2289.957 # matmult_blk 364
 24576.000   2292.191 # matmult_blk 366
 24576.000   2291.454 # matmult_blk 368
 24576.000   2295.228 # matmult_blk 370
 24576.000   2294.804 # matmult_blk 372
 24576.000   2290.251 # matmult_blk 374
 24576.000   2288.162 # matmult_blk 376
 24576.000   2291.513 # matmult_blk 378
 24576.000   2290.660 # matmult_blk 380
 24576.000   2297.816 # matmult_blk 382
 24576.000   2295.571 # matmult_blk 384
 24576.000   2293.582 # matmult_blk 386
 24576.000    244.818 # matmult_blk 388
 24576.000    244.729 # matmult_blk 390
 24576.000   2187.290 # matmult_blk 392
 24576.000   2188.329 # matmult_blk 394
 24576.000   2187.588 # matmult_blk 396
 24576.000   2188.752 # matmult_blk 398
 24576.000   2187.679 # matmult_blk 400

------------------------------------------------------------
Sender: LSF System <lsfadmin@n-62-21-42>
Subject: Job 5040742: <8_monitors_blk_many_optim> in cluster <dcc> Done

Job <8_monitors_blk_many_optim> was submitted from host <n-62-30-5> by user <s164211> in cluster <dcc> at Thu Jan  9 15:38:02 2020
Job was executed on host(s) <n-62-21-42>, in queue <hpcintro>, as user <s164211> in cluster <dcc> at Thu Jan  9 15:38:02 2020
</zhome/e3/7/118026> was used as the home directory.
</zhome/e3/7/118026/Desktop/gits/HPC> was used as the working directory.
Started at Thu Jan  9 15:38:02 2020
Terminated at Thu Jan  9 16:30:55 2020
Results reported at Thu Jan  9 16:30:55 2020

Your job looked like:

------------------------------------------------------------
# LSBATCH: User input
#!/bin/bash
#BSUB -J 8_monitors_blk_many_optim
#BSUB -o 8_monitors_blk_many_optim%J.out
#BSUB -q hpcintro
#BSUB -n 1
#BSUB -R "rusage[mem=512]"
#BSUB -W 60

EXECUTABLE=matmult_c.gcc

# "32 64 128 256 512 1024 2048"
SIZES="1024"

PERM="blk"

# "4 8 16 32 64 128 256 512"
BLKSIZE=128

export MFLOPS_MAX_IT=10
export MATMULT_COMPARE=0

./$EXECUTABLE $PERM $SIZES $SIZES $SIZES $BLKSIZE

# for B in $BLKSIZE
# do
#     ./$EXECUTABLE $PERM $SIZES $SIZES $SIZES $B
# done

for B in {2..400..2}
do
    ./$EXECUTABLE $PERM $SIZES $SIZES $SIZES $B
done

# for S in $SIZES
# do
#     ./$EXECUTABLE $PERM $S $S $S $BLKSIZE
# done

# PERMS="mnk mkn kmn knm nkm nmk"

# for P in $PERMS
# do
#     for S in $SIZES
#     do
#         ./$EXECUTABLE $P $S $S $S $BLKSIZE
#     done
# done
------------------------------------------------------------

Successfully completed.

Resource usage summary:

    CPU time :                                   3169.55 sec.
    Max Memory :                                 28 MB
    Average Memory :                             28.00 MB
    Total Requested Memory :                     512.00 MB
    Delta Memory :                               484.00 MB
    Max Swap :                                   -
    Max Processes :                              4
    Max Threads :                                5
    Run time :                                   3189 sec.
    Turnaround time :                            3173 sec.

The output (if any) is above this job summary.

