 24576.000    413.458 # matmult_blk 2
 24576.000   1123.106 # matmult_blk 4
 24576.000   1405.980 # matmult_blk 6
 24576.000   1919.307 # matmult_blk 8
 24576.000   2031.424 # matmult_blk 10
 24576.000   2462.327 # matmult_blk 12
 24576.000   2548.602 # matmult_blk 14
 24576.000   2807.896 # matmult_blk 16
 24576.000   2813.371 # matmult_blk 18
 24576.000   3138.331 # matmult_blk 20
 24576.000   3245.817 # matmult_blk 22
 24576.000   3304.902 # matmult_blk 24
 24576.000   3732.311 # matmult_blk 26
 24576.000   3446.338 # matmult_blk 28
 24576.000   3721.320 # matmult_blk 30
 24576.000   3477.231 # matmult_blk 32
 24576.000   3506.636 # matmult_blk 34
 24576.000   3096.644 # matmult_blk 36
 24576.000   3416.439 # matmult_blk 38
 24576.000   3089.454 # matmult_blk 40
 24576.000   3305.286 # matmult_blk 42
 24576.000   3190.898 # matmult_blk 44
 24576.000   3546.558 # matmult_blk 46
 24576.000   3208.191 # matmult_blk 48
 24576.000   3523.752 # matmult_blk 50
 24576.000   3355.345 # matmult_blk 52
 24576.000   3806.823 # matmult_blk 54
 24576.000   3332.997 # matmult_blk 56
 24576.000   3741.130 # matmult_blk 58
 24576.000   3442.724 # matmult_blk 60
 24576.000   3745.052 # matmult_blk 62
 24576.000   3451.871 # matmult_blk 64
 24576.000   4425.289 # matmult_blk 66
 24576.000   3593.699 # matmult_blk 68
 24576.000   4087.070 # matmult_blk 70
 24576.000   3637.414 # matmult_blk 72
 24576.000   4297.581 # matmult_blk 74
 24576.000   3784.592 # matmult_blk 76
 24576.000   4315.953 # matmult_blk 78
 24576.000   3841.156 # matmult_blk 80
 24576.000   3976.202 # matmult_blk 82
 24576.000   3803.784 # matmult_blk 84
 24576.000   4567.671 # matmult_blk 86
 24576.000   3804.700 # matmult_blk 88
 24576.000   4482.954 # matmult_blk 90
 24576.000   3733.677 # matmult_blk 92
 24576.000   4206.641 # matmult_blk 94
 24576.000   3763.368 # matmult_blk 96
 24576.000   4098.333 # matmult_blk 98
 24576.000   3688.567 # matmult_blk 100
 24576.000   4038.188 # matmult_blk 102
 24576.000   3780.007 # matmult_blk 104
 24576.000   4377.188 # matmult_blk 106
 24576.000   3725.155 # matmult_blk 108
 24576.000   4325.442 # matmult_blk 110
 24576.000   3670.006 # matmult_blk 112
 24576.000   4220.392 # matmult_blk 114
 24576.000   3818.774 # matmult_blk 116
 24576.000   4020.834 # matmult_blk 118
 24576.000   3786.781 # matmult_blk 120
 24576.000   3967.175 # matmult_blk 122
 24576.000   3741.834 # matmult_blk 124
 24576.000   3964.620 # matmult_blk 126
 24576.000   4042.424 # matmult_blk 128
 24576.000   4747.915 # matmult_blk 130
 24576.000   4098.573 # matmult_blk 132
 24576.000   4711.757 # matmult_blk 134
 24576.000   3877.967 # matmult_blk 136
 24576.000   4726.494 # matmult_blk 138
 24576.000   3823.622 # matmult_blk 140
 24576.000   4692.971 # matmult_blk 142
 24576.000   3756.350 # matmult_blk 144
 24576.000   4698.794 # matmult_blk 146
 24576.000   4101.814 # matmult_blk 148
 24576.000   4607.722 # matmult_blk 150
 24576.000   4133.827 # matmult_blk 152
 24576.000   4595.039 # matmult_blk 154
 24576.000   3932.462 # matmult_blk 156
 24576.000   4403.901 # matmult_blk 158
 24576.000   3933.197 # matmult_blk 160
 24576.000   4429.024 # matmult_blk 162
 24576.000   3920.540 # matmult_blk 164
 24576.000   4407.227 # matmult_blk 166
 24576.000   3880.923 # matmult_blk 168
 24576.000   4421.566 # matmult_blk 170
 24576.000   4416.138 # matmult_blk 172
 24576.000   4824.920 # matmult_blk 174
 24576.000   4457.293 # matmult_blk 176
 24576.000   4798.453 # matmult_blk 178
 24576.000   4408.407 # matmult_blk 180
 24576.000   4813.587 # matmult_blk 182
 24576.000   4447.862 # matmult_blk 184
 24576.000   4732.152 # matmult_blk 186
 24576.000   4181.080 # matmult_blk 188
 24576.000   4749.848 # matmult_blk 190
 24576.000   4170.619 # matmult_blk 192
 24576.000   4764.741 # matmult_blk 194
 24576.000   4111.815 # matmult_blk 196
 24576.000   4776.130 # matmult_blk 198
 24576.000   4080.800 # matmult_blk 200
 24576.000   4702.076 # matmult_blk 202
 24576.000   4038.394 # matmult_blk 204
 24576.000   4685.612 # matmult_blk 206
 24576.000   4599.997 # matmult_blk 208
 24576.000   4705.887 # matmult_blk 210
 24576.000   4462.801 # matmult_blk 212
 24576.000   4720.312 # matmult_blk 214
 24576.000   4447.522 # matmult_blk 216
 24576.000   4732.152 # matmult_blk 218
 24576.000   4461.845 # matmult_blk 220
 24576.000   4724.721 # matmult_blk 222
 24576.000   4481.272 # matmult_blk 224
 24576.000   4798.478 # matmult_blk 226
 24576.000   4494.417 # matmult_blk 228
 24576.000   4848.250 # matmult_blk 230
 24576.000   4321.919 # matmult_blk 232
 24576.000   4592.642 # matmult_blk 234
 24576.000   4261.936 # matmult_blk 236
 24576.000   4640.073 # matmult_blk 238
 24576.000   3976.872 # matmult_blk 240
 24576.000   4552.421 # matmult_blk 242
 24576.000   4207.489 # matmult_blk 244
 24576.000   4625.223 # matmult_blk 246
 24576.000   4194.517 # matmult_blk 248
 24576.000   4542.105 # matmult_blk 250
 24576.000   4170.704 # matmult_blk 252
 24576.000   4573.601 # matmult_blk 254
 24576.000   4898.354 # matmult_blk 256
 24576.000   5309.645 # matmult_blk 258
 24576.000   4828.766 # matmult_blk 260
 24576.000   5330.586 # matmult_blk 262
 24576.000   4894.367 # matmult_blk 264
 24576.000   5317.092 # matmult_blk 266
 24576.000   4840.077 # matmult_blk 268
 24576.000   5314.854 # matmult_blk 270
 24576.000   4865.828 # matmult_blk 272
 24576.000   5245.856 # matmult_blk 274
 24576.000   4832.146 # matmult_blk 276
 24576.000   5298.347 # matmult_blk 278
 24576.000   4830.474 # matmult_blk 280
 24576.000   5315.986 # matmult_blk 282
 24576.000   4787.589 # matmult_blk 284
 24576.000   5313.067 # matmult_blk 286
 24576.000   4752.505 # matmult_blk 288
 24576.000   5367.422 # matmult_blk 290
 24576.000   4730.746 # matmult_blk 292
 24576.000   5320.010 # matmult_blk 294
 24576.000   4714.949 # matmult_blk 296
 24576.000   5292.445 # matmult_blk 298
 24576.000   4674.635 # matmult_blk 300
 24576.000   5249.689 # matmult_blk 302
 24576.000   4697.514 # matmult_blk 304
 24576.000   5234.904 # matmult_blk 306
 24576.000   4663.326 # matmult_blk 308
 24576.000   5196.346 # matmult_blk 310
 24576.000   4402.826 # matmult_blk 312
 24576.000   5221.181 # matmult_blk 314
 24576.000   4378.343 # matmult_blk 316
 24576.000   5198.248 # matmult_blk 318
 24576.000   4369.420 # matmult_blk 320
 24576.000   5213.479 # matmult_blk 322
 24576.000   4320.264 # matmult_blk 324
 24576.000   5230.989 # matmult_blk 326
 24576.000   4350.682 # matmult_blk 328
 24576.000   5234.646 # matmult_blk 330
 24576.000   4317.256 # matmult_blk 332
 24576.000   5208.558 # matmult_blk 334
 24576.000   4338.644 # matmult_blk 336
 24576.000   5192.217 # matmult_blk 338
 24576.000   4333.387 # matmult_blk 340
 24576.000   5223.210 # matmult_blk 342
 24576.000   4917.469 # matmult_blk 344
 24576.000   5216.574 # matmult_blk 346
 24576.000   4881.731 # matmult_blk 348
 24576.000   5204.024 # matmult_blk 350
 24576.000   4903.153 # matmult_blk 352
 24576.000   5233.081 # matmult_blk 354
 24576.000   4896.455 # matmult_blk 356
 24576.000   5250.878 # matmult_blk 358
 24576.000   4902.043 # matmult_blk 360
 24576.000   5240.665 # matmult_blk 362
 24576.000   4905.828 # matmult_blk 364
 24576.000   5252.292 # matmult_blk 366
 24576.000   4917.274 # matmult_blk 368
 24576.000   5261.955 # matmult_blk 370
 24576.000   4912.467 # matmult_blk 372
 24576.000   5268.018 # matmult_blk 374
 24576.000   4931.110 # matmult_blk 376
 24576.000   5284.914 # matmult_blk 378
 24576.000   4921.642 # matmult_blk 380
 24576.000   5297.843 # matmult_blk 382
 24576.000   4942.483 # matmult_blk 384
 24576.000   5287.924 # matmult_blk 386
 24576.000   4939.527 # matmult_blk 388
 24576.000   5348.870 # matmult_blk 390
 24576.000   4966.350 # matmult_blk 392
 24576.000   5345.796 # matmult_blk 394
 24576.000   4959.443 # matmult_blk 396
 24576.000   5374.426 # matmult_blk 398
 24576.000   4933.737 # matmult_blk 400

------------------------------------------------------------
Sender: LSF System <lsfadmin@n-62-21-37>
Subject: Job 5045438: <8_monitors_blk_many_optim> in cluster <dcc> Done

Job <8_monitors_blk_many_optim> was submitted from host <n-62-30-5> by user <s164211> in cluster <dcc> at Fri Jan 10 09:41:17 2020
Job was executed on host(s) <n-62-21-37>, in queue <hpcintro>, as user <s164211> in cluster <dcc> at Fri Jan 10 09:41:18 2020
</zhome/e3/7/118026> was used as the home directory.
</zhome/e3/7/118026/Desktop/gits/HPC> was used as the working directory.
Started at Fri Jan 10 09:41:18 2020
Terminated at Fri Jan 10 09:59:23 2020
Results reported at Fri Jan 10 09:59:23 2020

Your job looked like:

------------------------------------------------------------
# LSBATCH: User input
#!/bin/bash
#BSUB -J 8_monitors_blk_many_optim
#BSUB -o 8_monitors_blk_many_optim%J.out
#BSUB -q hpcintro
#BSUB -n 1
#BSUB -R "rusage[mem=512]"
#BSUB -W 60

EXECUTABLE=matmult_c.gcc

# "32 64 128 256 512 1024 2048"
SIZES="1024"

PERM="blk"

# "4 8 16 32 64 128 256 512"
BLKSIZE=128

export MFLOPS_MAX_IT=10
export MATMULT_COMPARE=0

# ./$EXECUTABLE $PERM $SIZES $SIZES $SIZES $BLKSIZE

# for B in $BLKSIZE
# do
#     ./$EXECUTABLE $PERM $SIZES $SIZES $SIZES $B
# done

for B in {2..400..2}
do
    ./$EXECUTABLE $PERM $SIZES $SIZES $SIZES $B
done

# for S in $SIZES
# do
#     ./$EXECUTABLE $PERM $S $S $S $BLKSIZE
# done

# PERMS="mnk mkn kmn knm nkm nmk"

# for P in $PERMS
# do
#     for S in $SIZES
#     do
#         ./$EXECUTABLE $P $S $S $S $BLKSIZE
#     done
# done
------------------------------------------------------------

Successfully completed.

Resource usage summary:

    CPU time :                                   1082.23 sec.
    Max Memory :                                 30 MB
    Average Memory :                             28.05 MB
    Total Requested Memory :                     512.00 MB
    Delta Memory :                               482.00 MB
    Max Swap :                                   -
    Max Processes :                              4
    Max Threads :                                5
    Run time :                                   1085 sec.
    Turnaround time :                            1086 sec.

The output (if any) is above this job summary.

