Loaded module: studio/12u6
Creating experiment database 9_monitors_per_optim=none.5041152.er (Process ID: 14086) ...
 24576.000    327.815 # matmult_mnk
 24576.000    364.391 # matmult_mkn
 24576.000    364.075 # matmult_kmn
 24576.000    164.623 # matmult_knm
 24576.000    164.616 # matmult_nkm
 24576.000    332.696 # matmult_nmk

------------------------------------------------------------
Sender: LSF System <lsfadmin@n-62-21-37>
Subject: Job 5041152: <9_monitors_per_optim=none> in cluster <dcc> Done

Job <9_monitors_per_optim=none> was submitted from host <n-62-30-5> by user <s164211> in cluster <dcc> at Thu Jan  9 16:27:13 2020
Job was executed on host(s) <n-62-21-37>, in queue <hpcintro>, as user <s164211> in cluster <dcc> at Thu Jan  9 16:27:13 2020
</zhome/e3/7/118026> was used as the home directory.
</zhome/e3/7/118026/Desktop/gits/HPC> was used as the working directory.
Started at Thu Jan  9 16:27:13 2020
Terminated at Thu Jan  9 16:35:48 2020
Results reported at Thu Jan  9 16:35:48 2020

Your job looked like:

------------------------------------------------------------
# LSBATCH: User input
#!/bin/bash
# 02614 - High-Performance Computing, January 2020
# 
# batch script to run collect on a decidated server in the hpcintro
# queue
#
# Author: Bernd Dammann <bd@cc.dtu.dk>
#
#BSUB -J 9_monitors_per_optim=none
#BSUB -o 9_monitors_per_optim=none_%J.out
#BSUB -q hpcintro
#BSUB -n 1
#BSUB -R "rusage[mem=148]"
#BSUB -W 20

module load studio

# define the driver name to use
# valid values: matmult_c.studio, matmult_f.studio, matmult_c.gcc or
# matmult_f.gcc
#
EXECUTABLE=matmult_c.gcc

# define the mkn values in the MKN variable
#
MKN="1024 1024 1024"

# define the permutation type in PERM
#
PERM="per"

# uncomment and set a reasonable BLKSIZE for the blk version
#
BLKSIZE=16

# define the max no. of iterations the driver should use - adjust to
# get a reasonable run time.  You can get an estimate by trying this
# on the command line, i.e. "MFLOPS_MAX_IT=10 ./matmult_...." for the
# problem size you want to analyze.
#
export MFLOPS_MAX_IT=10
export MATMULT_COMPARE=0

# experiment name 
#
JID=${LSB_JOBID}
EXPOUT="$LSB_JOBNAME.${JID}.er"

# uncomment the HWCOUNT line, if you want to use hardware counters
# define an option string for the harwdware counters (see output of

(... more ...)
------------------------------------------------------------

Successfully completed.

Resource usage summary:

    CPU time :                                   509.62 sec.
    Max Memory :                                 48 MB
    Average Memory :                             42.50 MB
    Total Requested Memory :                     148.00 MB
    Delta Memory :                               100.00 MB
    Max Swap :                                   -
    Max Processes :                              4
    Max Threads :                                5
    Run time :                                   515 sec.
    Turnaround time :                            515 sec.

The output (if any) is above this job summary.

