Loaded module: studio/12u6
Creating experiment database collector.5029729.er (Process ID: 21864) ...
 23437.500   2250.257 # matmult_blk 64

------------------------------------------------------------
Sender: LSF System <lsfadmin@n-62-21-47>
Subject: Job 5029729: <collector> in cluster <dcc> Done

Job <collector> was submitted from host <n-62-30-5> by user <s164211> in cluster <dcc> at Wed Jan  8 14:03:35 2020
Job was executed on host(s) <n-62-21-47>, in queue <hpcintro>, as user <s164211> in cluster <dcc> at Wed Jan  8 14:03:36 2020
</zhome/e3/7/118026> was used as the home directory.
</zhome/e3/7/118026/Desktop/gits/HPC> was used as the working directory.
Started at Wed Jan  8 14:03:36 2020
Terminated at Wed Jan  8 14:03:50 2020
Results reported at Wed Jan  8 14:03:50 2020

Your job looked like:

------------------------------------------------------------
# LSBATCH: User input
#!/bin/bash
# 02614 - High-Performance Computing, January 2020
# 
# batch script to run collect on a decidated server in the hpcintro
# queue
#
# Author: Bernd Dammann <bd@cc.dtu.dk>
#
#BSUB -J collector
#BSUB -o collector_%J.out
#BSUB -q hpcintro
#BSUB -n 1
#BSUB -R "rusage[mem=100]"
#BSUB -W 10

module load studio

# define the driver name to use
# valid values: matmult_c.studio, matmult_f.studio, matmult_c.gcc or
# matmult_f.gcc
#
EXECUTABLE=matmult_c.gcc

# define the mkn values in the MKN variable
#
MKN="1000 1000 1000"

# define the permutation type in PERM
#
PERM="blk"

# uncomment and set a reasonable BLKSIZE for the blk version
#
BLKSIZE=64

# define the max no. of iterations the driver should use - adjust to
# get a reasonable run time.  You can get an estimate by trying this
# on the command line, i.e. "MFLOPS_MAX_IT=10 ./matmult_...." for the
# problem size you want to analyze.
#
export MFLOPS_MAX_IT=10
export MATMULT_COMPARE=0

# experiment name 
#
JID=${LSB_JOBID}
EXPOUT="$LSB_JOBNAME.${JID}.er"

# uncomment the HWCOUNT line, if you want to use hardware counters
# define an option string for the harwdware counters (see output of

(... more ...)
------------------------------------------------------------

Successfully completed.

Resource usage summary:

    CPU time :                                   9.25 sec.
    Max Memory :                                 47 MB
    Average Memory :                             15.67 MB
    Total Requested Memory :                     100.00 MB
    Delta Memory :                               53.00 MB
    Max Swap :                                   -
    Max Processes :                              4
    Max Threads :                                5
    Run time :                                   13 sec.
    Turnaround time :                            15 sec.

The output (if any) is above this job summary.

