Loaded module: studio/12u6
Creating experiment database collector.5029008.er (Process ID: 8723) ...
   937.500   1567.610 # matmult_mnk
   937.500   2584.548 # matmult_mkn
   937.500   2430.261 # matmult_kmn
   937.500   1091.752 # matmult_knm
   937.500   1109.192 # matmult_nkm
   937.500   1700.773 # matmult_nmk

------------------------------------------------------------
Sender: LSF System <lsfadmin@n-62-21-47>
Subject: Job 5029008: <collector> in cluster <dcc> Done

Job <collector> was submitted from host <n-62-30-5> by user <s164211> in cluster <dcc> at Wed Jan  8 12:00:27 2020
Job was executed on host(s) <n-62-21-47>, in queue <hpcintro>, as user <s164211> in cluster <dcc> at Wed Jan  8 12:00:29 2020
</zhome/e3/7/118026> was used as the home directory.
</zhome/e3/7/118026/Desktop/gits/HPC> was used as the working directory.
Started at Wed Jan  8 12:00:29 2020
Terminated at Wed Jan  8 12:01:35 2020
Results reported at Wed Jan  8 12:01:35 2020

Your job looked like:

------------------------------------------------------------
# LSBATCH: User input
#!/bin/bash
# 02614 - High-Performance Computing, January 2020
# 
# batch script to run collect on a decidated server in the hpcintro
# queue
#
# Author: Bernd Dammann <bd@cc.dtu.dk>
#
#BSUB -J collector
#BSUB -o collector_%J.out
#BSUB -q hpcintro
#BSUB -n 1
#BSUB -R "rusage[mem=100]"
#BSUB -W 10

module load studio

# define the driver name to use
# valid values: matmult_c.studio, matmult_f.studio, matmult_c.gcc or
# matmult_f.gcc
#
EXECUTABLE=matmult_c.gcc

# define the mkn values in the MKN variable
#
MKN="200 200 200"

# define the permutation type in PERM
#
PERM="per"

# uncomment and set a reasonable BLKSIZE for the blk version
#
# BLKSIZE=1

# define the max no. of iterations the driver should use - adjust to
# get a reasonable run time.  You can get an estimate by trying this
# on the command line, i.e. "MFLOPS_MAX_IT=10 ./matmult_...." for the
# problem size you want to analyze.
#
export MFLOPS_MAX_IT=1000
export MATMULT_COMPARE=0

# experiment name 
#
JID=${LSB_JOBID}
EXPOUT="$LSB_JOBNAME.${JID}.er"

# uncomment the HWCOUNT line, if you want to use hardware counters
# define an option string for the harwdware counters (see output of

(... more ...)
------------------------------------------------------------

Successfully completed.

Resource usage summary:

    CPU time :                                   61.87 sec.
    Max Memory :                                 27 MB
    Average Memory :                             13.50 MB
    Total Requested Memory :                     100.00 MB
    Delta Memory :                               73.00 MB
    Max Swap :                                   -
    Max Processes :                              4
    Max Threads :                                5
    Run time :                                   65 sec.
    Turnaround time :                            68 sec.

The output (if any) is above this job summary.

