Loaded module: studio/12u6
Creating experiment database collector.5029219.er (Process ID: 30793) ...
   234.375    511.276 # matmult_mnk
   234.375    353.509 # matmult_mkn
   234.375    352.739 # matmult_kmn
   234.375    340.130 # matmult_knm
   234.375    337.467 # matmult_nkm
   234.375    515.535 # matmult_nmk

------------------------------------------------------------
Sender: LSF System <lsfadmin@n-62-21-48>
Subject: Job 5029219: <collector> in cluster <dcc> Done

Job <collector> was submitted from host <n-62-30-5> by user <s164211> in cluster <dcc> at Wed Jan  8 12:05:23 2020
Job was executed on host(s) <n-62-21-48>, in queue <hpcintro>, as user <s164211> in cluster <dcc> at Wed Jan  8 12:05:25 2020
</zhome/e3/7/118026> was used as the home directory.
</zhome/e3/7/118026/Desktop/gits/HPC> was used as the working directory.
Started at Wed Jan  8 12:05:25 2020
Terminated at Wed Jan  8 12:06:01 2020
Results reported at Wed Jan  8 12:06:01 2020

Your job looked like:

------------------------------------------------------------
# LSBATCH: User input
#!/bin/bash
# 02614 - High-Performance Computing, January 2020
# 
# batch script to run collect on a decidated server in the hpcintro
# queue
#
# Author: Bernd Dammann <bd@cc.dtu.dk>
#
#BSUB -J collector
#BSUB -o collector_%J.out
#BSUB -q hpcintro
#BSUB -n 1
#BSUB -R "rusage[mem=100]"
#BSUB -W 10

module load studio

# define the driver name to use
# valid values: matmult_c.studio, matmult_f.studio, matmult_c.gcc or
# matmult_f.gcc
#
EXECUTABLE=matmult_c.gcc

# define the mkn values in the MKN variable
#
MKN="100 100 100"

# define the permutation type in PERM
#
PERM="per"

# uncomment and set a reasonable BLKSIZE for the blk version
#
# BLKSIZE=1

# define the max no. of iterations the driver should use - adjust to
# get a reasonable run time.  You can get an estimate by trying this
# on the command line, i.e. "MFLOPS_MAX_IT=10 ./matmult_...." for the
# problem size you want to analyze.
#
export MFLOPS_MAX_IT=1000
export MATMULT_COMPARE=0

# experiment name 
#
JID=${LSB_JOBID}
EXPOUT="$LSB_JOBNAME.${JID}.er"

# uncomment the HWCOUNT line, if you want to use hardware counters
# define an option string for the harwdware counters (see output of

(... more ...)
------------------------------------------------------------

Successfully completed.

Resource usage summary:

    CPU time :                                   31.31 sec.
    Max Memory :                                 25 MB
    Average Memory :                             8.33 MB
    Total Requested Memory :                     100.00 MB
    Delta Memory :                               75.00 MB
    Max Swap :                                   -
    Max Processes :                              4
    Max Threads :                                5
    Run time :                                   35 sec.
    Turnaround time :                            38 sec.

The output (if any) is above this job summary.

